Interface Mode ON
Loaded 20 structures
Using complex_2w.pdb as reference
Read 2 chains from contacts file: AB
Checking chain lengths: WARNING!! Chains have different lengths! (B:1 != A:295)
You main run into problems later on...
OK!
Generating ZONE definitions..
Defined 1 zone(s)
ZONE CLEAR \n ZONE A.26-A.26:A.26-A.26 ZONE A.27-A.27:A.27-A.27 ZONE A.28-A.28:A.28-A.28 ZONE A.29-A.29:A.29-A.29 ZONE A.30-A.30:A.30-A.30 ZONE A.34-A.34:A.34-A.34 ZONE A.35-A.35:A.35-A.35 ZONE A.36-A.36:A.36-A.36 ZONE A.37-A.37:A.37-A.37 ZONE A.38-A.38:A.38-A.38 ZONE A.39-A.39:A.39-A.39 ZONE A.54-A.54:A.54-A.54 ZONE A.55-A.55:A.55-A.55 ZONE A.56-A.56:A.56-A.56 ZONE A.57-A.57:A.57-A.57 ZONE A.58-A.58:A.58-A.58 ZONE A.59-A.59:A.59-A.59 ZONE A.72-A.72:A.72-A.72 ZONE A.75-A.75:A.75-A.75 ZONE A.79-A.79:A.79-A.79 ZONE A.88-A.88:A.88-A.88 ZONE A.89-A.89:A.89-A.89 ZONE A.90-A.90:A.90-A.90 ZONE A.91-A.91:A.91-A.91 ZONE A.92-A.92:A.92-A.92 ZONE A.103-A.103:A.103-A.103 ZONE A.104-A.104:A.104-A.104 ZONE A.105-A.105:A.105-A.105 ZONE A.106-A.106:A.106-A.106 ZONE A.107-A.107:A.107-A.107 ZONE A.108-A.108:A.108-A.108 ZONE A.109-A.109:A.109-A.109 ZONE A.110-A.110:A.110-A.110 ZONE A.111-A.111:A.111-A.111 ZONE A.112-A.112:A.112-A.112 ZONE A.113-A.113:A.113-A.113 ZONE A.114-A.114:A.114-A.114 ZONE A.115-A.115:A.115-A.115 ZONE A.116-A.116:A.116-A.116 ZONE A.119-A.119:A.119-A.119 ZONE A.120-A.120:A.120-A.120 ZONE A.165-A.165:A.165-A.165 ZONE A.170-A.170:A.170-A.170 ZONE A.171-A.171:A.171-A.171 ZONE A.172-A.172:A.172-A.172 ZONE A.173-A.173:A.173-A.173 ZONE A.174-A.174:A.174-A.174 ZONE A.175-A.175:A.175-A.175 ZONE A.176-A.176:A.176-A.176 ZONE A.177-A.177:A.177-A.177 ZONE A.180-A.180:A.180-A.180 ZONE A.182-A.182:A.182-A.182 ZONE A.183-A.183:A.183-A.183 ZONE A.184-A.184:A.184-A.184 ZONE A.185-A.185:A.185-A.185 ZONE A.186-A.186:A.186-A.186 ZONE A.187-A.187:A.187-A.187 ZONE A.188-A.188:A.188-A.188 ZONE A.190-A.190:A.190-A.190 ZONE A.202-A.202:A.202-A.202\n ZONE B.1-B.1:B.1-B.1\n FIT
RMS: 0.000
1
RMS: 0.353
1
RMS: 0.387
1
RMS: 0.399
1
RMS: 0.361
1
RMS: 0.378
1
RMS: 0.372
1
RMS: 0.354
1
RMS: 0.357
1
RMS: 0.395
1
RMS: 0.325
1
RMS: 0.390
1
RMS: 0.387
1
RMS: 0.394
1
RMS: 0.387
1
RMS: 0.408
1
RMS: 0.428
1
RMS: 0.359
1
RMS: 0.358
1
RMS: 0.322
1

