Ligand Mode ON
Loaded 20 structures
Using complex_2w.pdb as reference
Read 2 chains from reference file: AB
^.{21}A
0 0
Checking chain lengths: WARNING!! Chains have different lengths! (B:1 != A:295)
You main run into problems later on...
OK!
Generating ZONE definitions..
Defined 1 zone(s)
ZONE CLEAR \n ZONE A* \n FIT \nRZONE B*\n
ProFit> RMS: 0.000
1
ProFit> RMS: 0.249
1
ProFit> RMS: 0.395
1
ProFit> RMS: 0.567
1
ProFit> RMS: 0.197
1
ProFit> RMS: 0.265
1
ProFit> RMS: 0.457
1
ProFit> RMS: 0.460
1
ProFit> RMS: 0.323
1
ProFit> RMS: 0.420
1
ProFit> RMS: 0.452
1
ProFit> RMS: 0.324
1
ProFit> RMS: 0.479
1
ProFit> RMS: 0.426
1
ProFit> RMS: 0.413
1
ProFit> RMS: 0.496
1
ProFit> RMS: 0.447
1
ProFit> RMS: 0.346
1
ProFit> RMS: 0.380
1
ProFit> RMS: 0.266
1

