Interface Mode ON
Loaded 20 structures
Using complex_6w.pdb as reference
Read 2 chains from contacts file: AB
Checking chain lengths: WARNING!! Chains have different lengths! (B:1 != A:303)
You main run into problems later on...
OK!
Generating ZONE definitions..
Defined 1 zone(s)
ZONE CLEAR \n ZONE A.21-A.21:A.21-A.21 ZONE A.22-A.22:A.22-A.22 ZONE A.23-A.23:A.23-A.23 ZONE A.24-A.24:A.24-A.24 ZONE A.25-A.25:A.25-A.25 ZONE A.26-A.26:A.26-A.26 ZONE A.27-A.27:A.27-A.27 ZONE A.28-A.28:A.28-A.28 ZONE A.29-A.29:A.29-A.29 ZONE A.30-A.30:A.30-A.30 ZONE A.31-A.31:A.31-A.31 ZONE A.32-A.32:A.32-A.32 ZONE A.33-A.33:A.33-A.33 ZONE A.34-A.34:A.34-A.34 ZONE A.46-A.46:A.46-A.46 ZONE A.47-A.47:A.47-A.47 ZONE A.48-A.48:A.48-A.48 ZONE A.49-A.49:A.49-A.49 ZONE A.50-A.50:A.50-A.50 ZONE A.51-A.51:A.51-A.51 ZONE A.63-A.63:A.63-A.63 ZONE A.64-A.64:A.64-A.64 ZONE A.66-A.66:A.66-A.66 ZONE A.67-A.67:A.67-A.67 ZONE A.68-A.68:A.68-A.68 ZONE A.70-A.70:A.70-A.70 ZONE A.71-A.71:A.71-A.71 ZONE A.72-A.72:A.72-A.72 ZONE A.79-A.79:A.79-A.79 ZONE A.80-A.80:A.80-A.80 ZONE A.81-A.81:A.81-A.81 ZONE A.82-A.82:A.82-A.82 ZONE A.83-A.83:A.83-A.83 ZONE A.84-A.84:A.84-A.84 ZONE A.85-A.85:A.85-A.85 ZONE A.92-A.92:A.92-A.92 ZONE A.93-A.93:A.93-A.93 ZONE A.94-A.94:A.94-A.94 ZONE A.95-A.95:A.95-A.95 ZONE A.96-A.96:A.96-A.96 ZONE A.97-A.97:A.97-A.97 ZONE A.98-A.98:A.98-A.98 ZONE A.99-A.99:A.99-A.99 ZONE A.100-A.100:A.100-A.100 ZONE A.101-A.101:A.101-A.101 ZONE A.102-A.102:A.102-A.102 ZONE A.103-A.103:A.103-A.103 ZONE A.104-A.104:A.104-A.104 ZONE A.105-A.105:A.105-A.105 ZONE A.106-A.106:A.106-A.106 ZONE A.108-A.108:A.108-A.108 ZONE A.109-A.109:A.109-A.109 ZONE A.140-A.140:A.140-A.140 ZONE A.142-A.142:A.142-A.142 ZONE A.145-A.145:A.145-A.145 ZONE A.146-A.146:A.146-A.146 ZONE A.147-A.147:A.147-A.147 ZONE A.148-A.148:A.148-A.148 ZONE A.149-A.149:A.149-A.149 ZONE A.150-A.150:A.150-A.150 ZONE A.151-A.151:A.151-A.151 ZONE A.157-A.157:A.157-A.157 ZONE A.158-A.158:A.158-A.158 ZONE A.159-A.159:A.159-A.159 ZONE A.160-A.160:A.160-A.160 ZONE A.161-A.161:A.161-A.161 ZONE A.162-A.162:A.162-A.162 ZONE A.163-A.163:A.163-A.163 ZONE A.164-A.164:A.164-A.164 ZONE A.307-A.307:A.307-A.307 ZONE A.318-A.318:A.318-A.318\n ZONE B.1-B.1:B.1-B.1\n FIT
RMS: 0.000
1
RMS: 0.399
1
RMS: 0.418
1
RMS: 0.373
1
RMS: 0.400
1
RMS: 0.324
1
RMS: 0.379
1
RMS: 0.347
1
RMS: 0.387
1
RMS: 0.361
1
RMS: 0.385
1
RMS: 0.352
1
RMS: 0.400
1
RMS: 0.450
1
RMS: 0.357
1
RMS: 0.342
1
RMS: 0.373
1
RMS: 0.433
1
RMS: 0.355
1
RMS: 0.405
1

