Ligand Mode ON
Loaded 20 structures
Using complex_6w.pdb as reference
Read 2 chains from reference file: AB
^.{21}A
0 0
Checking chain lengths: WARNING!! Chains have different lengths! (B:1 != A:303)
You main run into problems later on...
OK!
Generating ZONE definitions..
Defined 1 zone(s)
ZONE CLEAR \n ZONE A* \n FIT \nRZONE B*\n
ProFit> RMS: 0.000
1
ProFit> RMS: 0.263
1
ProFit> RMS: 0.526
1
ProFit> RMS: 0.250
1
ProFit> RMS: 0.404
1
ProFit> RMS: 0.164
1
ProFit> RMS: 0.321
1
ProFit> RMS: 0.229
1
ProFit> RMS: 0.131
1
ProFit> RMS: 0.429
1
ProFit> RMS: 0.251
1
ProFit> RMS: 0.240
1
ProFit> RMS: 0.630
1
ProFit> RMS: 0.872
1
ProFit> RMS: 0.301
1
ProFit> RMS: 0.124
1
ProFit> RMS: 0.711
1
ProFit> RMS: 0.598
1
ProFit> RMS: 0.266
1
ProFit> RMS: 0.856
1

