Ligand Mode ON
Loaded 20 structures
Using complex_11w.pdb as reference
Read 2 chains from reference file: AB
^.{21}A
0 0
Checking chain lengths: WARNING!! Chains have different lengths! (B:1 != A:295)
You main run into problems later on...
OK!
Generating ZONE definitions..
Defined 1 zone(s)
ZONE CLEAR \n ZONE A* \n FIT \nRZONE B*\n
ProFit> RMS: 0.000
1
ProFit> RMS: 0.381
1
ProFit> RMS: 0.496
1
ProFit> RMS: 0.409
1
ProFit> RMS: 0.262
1
ProFit> RMS: 0.597
1
ProFit> RMS: 0.340
1
ProFit> RMS: 0.426
1
ProFit> RMS: 0.234
1
ProFit> RMS: 0.376
1
ProFit> RMS: 0.390
1
ProFit> RMS: 0.415
1
ProFit> RMS: 0.290
1
ProFit> RMS: 0.302
1
ProFit> RMS: 0.238
1
ProFit> RMS: 0.263
1
ProFit> RMS: 0.277
1
ProFit> RMS: 0.274
1
ProFit> RMS: 0.373
1
ProFit> RMS: 0.279
1

