ARGUMENT 'irmsd' __ignored__

ARGUMENT 'complex_HS_irmsd_lrmsd_fnat.list' __ignored__

ARGUMENT 'irmsd_graph.eps' __ignored__

ARGUMENT '1' __ignored__

null device 
          1 
ARGUMENT 'lrmsd' __ignored__

ARGUMENT 'complex_HS_irmsd_lrmsd_fnat.list' __ignored__

ARGUMENT 'lrmsd_graph.eps' __ignored__

ARGUMENT '1' __ignored__

null device 
          1 
ARGUMENT 'fnat' __ignored__

ARGUMENT 'complex_HS_irmsd_lrmsd_fnat.list' __ignored__

ARGUMENT 'fnat_graph.eps' __ignored__

ARGUMENT '1' __ignored__

null device 
          1 
ARGUMENT 'vdw' __ignored__

ARGUMENT 'complex_HS_irmsd_lrmsd_fnat.list' __ignored__

ARGUMENT 'vdw_graph.eps' __ignored__

ARGUMENT '1' __ignored__

null device 
          1 
ARGUMENT 'elec' __ignored__

ARGUMENT 'complex_HS_irmsd_lrmsd_fnat.list' __ignored__

ARGUMENT 'elec_graph.eps' __ignored__

ARGUMENT '1' __ignored__

null device 
          1 
ARGUMENT 'air' __ignored__

ARGUMENT 'complex_HS_irmsd_lrmsd_fnat.list' __ignored__

ARGUMENT 'air_graph.eps' __ignored__

ARGUMENT '1' __ignored__

null device 
          1 
ARGUMENT 'ilrmsd' __ignored__

ARGUMENT 'complex_clustered.list' __ignored__

ARGUMENT 'ilrmsd_graph.eps' __ignored__

ARGUMENT '1' __ignored__

null device 
          1 
