Ligand Mode ON
Loaded 20 structures
Using complex_9w.pdb as reference
Read 2 chains from reference file: AB
^.{21}A
0 0
Checking chain lengths: WARNING!! Chains have different lengths! (B:1 != A:275)
You main run into problems later on...
OK!
Generating ZONE definitions..
Defined 1 zone(s)
ZONE CLEAR \n ZONE A* \n FIT \nRZONE B*\n
ProFit> RMS: 0.000
1
ProFit> RMS: 0.277
1
ProFit> RMS: 0.533
1
ProFit> RMS: 0.312
1
ProFit> RMS: 0.266
1
ProFit> RMS: 0.226
1
ProFit> RMS: 0.430
1
ProFit> RMS: 0.462
1
ProFit> RMS: 0.338
1
ProFit> RMS: 0.276
1
ProFit> RMS: 0.469
1
ProFit> RMS: 0.318
1
ProFit> RMS: 0.412
1
ProFit> RMS: 0.231
1
ProFit> RMS: 0.279
1
ProFit> RMS: 0.240
1
ProFit> RMS: 0.235
1
ProFit> RMS: 0.307
1
ProFit> RMS: 0.464
1
ProFit> RMS: 0.339
1

