Ligand Mode ON
Loaded 20 structures
Using complex_8w.pdb as reference
Read 2 chains from reference file: AB
^.{21}A
0 0
Checking chain lengths: WARNING!! Chains have different lengths! (B:1 != A:266)
You main run into problems later on...
OK!
Generating ZONE definitions..
Defined 1 zone(s)
ZONE CLEAR \n ZONE A* \n FIT \nRZONE B*\n
RMS: nan
1
RMS: nan
1
RMS: nan
1
RMS: nan
1
RMS: nan
1
RMS: nan
1
RMS: nan
1
RMS: nan
1
RMS: nan
1
RMS: nan
1
RMS: nan
1
RMS: nan
1
RMS: nan
1
RMS: nan
1
RMS: nan
1
RMS: nan
1
RMS: nan
1
RMS: nan
1
RMS: nan
1
RMS: nan
1

