d(H-D)=    3.87 +-  0.00 #hb=   20  atoms "A   -128 -HIS -CD2 " and "B   -1   -919 -C83 "
d(H-D)=    3.16 +-   nan #hb=   20  atoms "A   -137 -LEU -CD1 " and "B   -1   -919 -C22 "
d(H-D)=    3.89 +-  0.00 #hb=   20  atoms "A   -137 -LEU -CD1 " and "B   -1   -919 -C24 "
d(H-D)=    3.48 +-   nan #hb=   20  atoms "A   -137 -LEU -CD1 " and "B   -1   -919 -C27 "
d(H-D)=    3.85 +-   nan #hb=   20  atoms "A   -147 -ALA -CA  " and "B   -1   -919 -C83 "
d(H-D)=    3.82 +-  0.00 #hb=   20  atoms "A   -148 -ASP -CB  " and "B   -1   -919 -C47 "
d(H-D)=    3.58 +-  0.00 #hb=   20  atoms "A   -148 -ASP -CB  " and "B   -1   -919 -C48 "
d(H-D)=    3.69 +-   nan #hb=   20  atoms "A   -149 -PHE -CE1 " and "B   -1   -919 -C25 "
d(H-D)=    3.54 +-   nan #hb=   20  atoms "A   -149 -PHE -CE1 " and "B   -1   -919 -C26 "
d(H-D)=    3.56 +-   nan #hb=   20  atoms "A   -149 -PHE -CE1 " and "B   -1   -919 -C35 "
d(H-D)=    3.26 +-  0.00 #hb=   20  atoms "A   -149 -PHE -CE1 " and "B   -1   -919 -C36 "
d(H-D)=    3.56 +-  0.00 #hb=   20  atoms "A   -149 -PHE -CZ  " and "B   -1   -919 -C25 "
d(H-D)=    3.46 +-  0.00 #hb=   20  atoms "A   -149 -PHE -CZ  " and "B   -1   -919 -C26 "
d(H-D)=    3.37 +-  0.00 #hb=   20  atoms "A   -149 -PHE -CZ  " and "B   -1   -919 -C35 "
d(H-D)=    3.56 +-   nan #hb=   20  atoms "A   -149 -PHE -CZ  " and "B   -1   -919 -C36 "
d(H-D)=    3.90 +-   nan #hb=   20  atoms "A   -15  -LEU -CD1 " and "B   -1   -919 -C24 "
d(H-D)=    3.62 +-  0.00 #hb=   20  atoms "A   -15  -LEU -CD1 " and "B   -1   -919 -C25 "
d(H-D)=    3.64 +-   nan #hb=   20  atoms "A   -15  -LEU -CD1 " and "B   -1   -919 -C70 "
d(H-D)=    3.74 +-   nan #hb=   20  atoms "A   -36  -ALA -CB  " and "B   -1   -919 -C22 "
d(H-D)=    3.63 +-   nan #hb=   20  atoms "A   -36  -ALA -CB  " and "B   -1   -919 -C26 "
d(H-D)=    3.47 +-  0.00 #hb=   20  atoms "A   -36  -ALA -CB  " and "B   -1   -919 -C27 "
d(H-D)=    3.06 +-  0.00 #hb=   20  atoms "A   -53  -GLU -CD  " and "B   -1   -919 -C13 "
d(H-D)=    3.83 +-   nan #hb=   20  atoms "A   -53  -GLU -CD  " and "B   -1   -919 -C14 "
d(H-D)=    3.41 +-   nan #hb=   20  atoms "A   -53  -GLU -CD  " and "B   -1   -919 -C5  "
d(H-D)=    3.49 +-   nan #hb=   20  atoms "A   -53  -GLU -CD  " and "B   -1   -919 -C6  "
d(H-D)=    3.69 +-  0.00 #hb=   20  atoms "A   -53  -GLU -CG  " and "B   -1   -919 -C13 "
d(H-D)=    3.50 +-   nan #hb=   20  atoms "A   -53  -GLU -CG  " and "B   -1   -919 -C5  "
d(H-D)=    3.44 +-   nan #hb=   20  atoms "A   -53  -GLU -CG  " and "B   -1   -919 -C6  "
d(H-D)=    3.87 +-   nan #hb=   20  atoms "A   -65  -LEU -CD2 " and "B   -1   -919 -C81 "
d(H-D)=    3.68 +-  0.00 #hb=   20  atoms "A   -66  -VAL -CG2 " and "B   -1   -919 -C34 "
d(H-D)=    3.76 +-   nan #hb=   20  atoms "A   -82  -ILE -CD1 " and "B   -1   -919 -C36 "
d(H-D)=    3.22 +-   nan #hb=   20  atoms "A   -82  -ILE -CD1 " and "B   -1   -919 -C37 "
d(H-D)=    3.39 +-   nan #hb=   20  atoms "A   -82  -ILE -CD1 " and "B   -1   -919 -C38 "
d(H-D)=    3.55 +-  0.00 #hb=   20  atoms "A   -84  -PHE -CE1 " and "B   -1   -919 -C76 "
d(H-D)=    3.29 +-  0.00 #hb=   20  atoms "A   -84  -PHE -CZ  " and "B   -1   -919 -C76 "
d(H-D)=    3.63 +-  0.00 #hb=   20  atoms "A   -85  -MET -C   " and "B   -1   -919 -C76 "
d(H-D)=    3.62 +-  0.00 #hb=   20  atoms "A   -88  -GLY -CA  " and "B   -1   -919 -C76 "
