Interface Mode ON
Loaded 20 structures
Using complex_8w.pdb as reference
Read 2 chains from contacts file: AB
Checking chain lengths: WARNING!! Chains have different lengths! (B:1 != A:307)
You main run into problems later on...
OK!
Generating ZONE definitions..
Defined 1 zone(s)
ZONE CLEAR \n ZONE A.4-A.4:A.4-A.4 ZONE A.7-A.7:A.7-A.7 ZONE A.16-A.16:A.16-A.16 ZONE A.17-A.17:A.17-A.17 ZONE A.18-A.18:A.18-A.18 ZONE A.19-A.19:A.19-A.19 ZONE A.20-A.20:A.20-A.20 ZONE A.21-A.21:A.21-A.21 ZONE A.22-A.22:A.22-A.22 ZONE A.23-A.23:A.23-A.23 ZONE A.24-A.24:A.24-A.24 ZONE A.25-A.25:A.25-A.25 ZONE A.26-A.26:A.26-A.26 ZONE A.27-A.27:A.27-A.27 ZONE A.28-A.28:A.28-A.28 ZONE A.29-A.29:A.29-A.29 ZONE A.41-A.41:A.41-A.41 ZONE A.42-A.42:A.42-A.42 ZONE A.43-A.43:A.43-A.43 ZONE A.44-A.44:A.44-A.44 ZONE A.45-A.45:A.45-A.45 ZONE A.46-A.46:A.46-A.46 ZONE A.47-A.47:A.47-A.47 ZONE A.48-A.48:A.48-A.48 ZONE A.49-A.49:A.49-A.49 ZONE A.59-A.59:A.59-A.59 ZONE A.62-A.62:A.62-A.62 ZONE A.63-A.63:A.63-A.63 ZONE A.65-A.65:A.65-A.65 ZONE A.66-A.66:A.66-A.66 ZONE A.67-A.67:A.67-A.67 ZONE A.69-A.69:A.69-A.69 ZONE A.74-A.74:A.74-A.74 ZONE A.75-A.75:A.75-A.75 ZONE A.76-A.76:A.76-A.76 ZONE A.77-A.77:A.77-A.77 ZONE A.78-A.78:A.78-A.78 ZONE A.79-A.79:A.79-A.79 ZONE A.80-A.80:A.80-A.80 ZONE A.86-A.86:A.86-A.86 ZONE A.87-A.87:A.87-A.87 ZONE A.88-A.88:A.88-A.88 ZONE A.89-A.89:A.89-A.89 ZONE A.90-A.90:A.90-A.90 ZONE A.91-A.91:A.91-A.91 ZONE A.92-A.92:A.92-A.92 ZONE A.93-A.93:A.93-A.93 ZONE A.94-A.94:A.94-A.94 ZONE A.95-A.95:A.95-A.95 ZONE A.96-A.96:A.96-A.96 ZONE A.97-A.97:A.97-A.97 ZONE A.98-A.98:A.98-A.98 ZONE A.99-A.99:A.99-A.99 ZONE A.100-A.100:A.100-A.100 ZONE A.128-A.128:A.128-A.128 ZONE A.133-A.133:A.133-A.133 ZONE A.134-A.134:A.134-A.134 ZONE A.135-A.135:A.135-A.135 ZONE A.136-A.136:A.136-A.136 ZONE A.137-A.137:A.137-A.137 ZONE A.139-A.139:A.139-A.139 ZONE A.140-A.140:A.140-A.140 ZONE A.141-A.141:A.141-A.141 ZONE A.142-A.142:A.142-A.142 ZONE A.143-A.143:A.143-A.143 ZONE A.144-A.144:A.144-A.144 ZONE A.145-A.145:A.145-A.145 ZONE A.146-A.146:A.146-A.146 ZONE A.152-A.152:A.152-A.152 ZONE A.153-A.153:A.153-A.153 ZONE A.154-A.154:A.154-A.154 ZONE A.155-A.155:A.155-A.155 ZONE A.156-A.156:A.156-A.156 ZONE A.157-A.157:A.157-A.157 ZONE A.158-A.158:A.158-A.158 ZONE A.159-A.159:A.159-A.159 ZONE A.160-A.160:A.160-A.160 ZONE A.161-A.161:A.161-A.161 ZONE A.162-A.162:A.162-A.162 ZONE A.175-A.175:A.175-A.175 ZONE A.177-A.177:A.177-A.177 ZONE A.297-A.297:A.297-A.297 ZONE A.301-A.301:A.301-A.301 ZONE A.302-A.302:A.302-A.302\n ZONE B.1-B.1:B.1-B.1\n FIT
RMS: 0.000
1
RMS: 0.409
1
RMS: 0.359
1
RMS: 0.389
1
RMS: 0.425
1
RMS: 0.402
1
RMS: 0.365
1
RMS: 0.365
1
RMS: 0.422
1
RMS: 0.378
1
RMS: 0.423
1
RMS: 0.366
1
RMS: 0.403
1
RMS: 0.378
1
RMS: 0.389
1
RMS: 0.407
1
RMS: 0.373
1
RMS: 0.352
1
RMS: 0.368
1
RMS: 0.385
1

