Ligand Mode ON
Loaded 20 structures
Using complex_8w.pdb as reference
Read 2 chains from reference file: AB
^.{21}A
0 0
Checking chain lengths: WARNING!! Chains have different lengths! (B:1 != A:306)
You main run into problems later on...
OK!
Generating ZONE definitions..
Defined 1 zone(s)
ZONE CLEAR \n ZONE A* \n FIT \nRZONE B*\n
ProFit> RMS: 0.000
1
ProFit> RMS: 0.471
1
ProFit> RMS: 0.458
1
ProFit> RMS: 0.331
1
ProFit> RMS: 0.392
1
ProFit> RMS: 0.371
1
ProFit> RMS: 0.456
1
ProFit> RMS: 0.359
1
ProFit> RMS: 0.288
1
ProFit> RMS: 0.374
1
ProFit> RMS: 0.466
1
ProFit> RMS: 0.424
1
ProFit> RMS: 0.368
1
ProFit> RMS: 0.423
1
ProFit> RMS: 0.520
1
ProFit> RMS: 0.546
1
ProFit> RMS: 0.340
1
ProFit> RMS: 0.288
1
ProFit> RMS: 0.501
1
ProFit> RMS: 0.415
1

