Interface Mode ON
Loaded 20 structures
Using complex_10w.pdb as reference
Read 2 chains from contacts file: AB
Checking chain lengths: WARNING!! Chains have different lengths! (B:1 != A:262)
You main run into problems later on...
OK!
Generating ZONE definitions..
Defined 1 zone(s)
ZONE CLEAR \n ZONE A.14-A.14:A.14-A.14 ZONE A.15-A.15:A.15-A.15 ZONE A.16-A.16:A.16-A.16 ZONE A.17-A.17:A.17-A.17 ZONE A.18-A.18:A.18-A.18 ZONE A.19-A.19:A.19-A.19 ZONE A.20-A.20:A.20-A.20 ZONE A.22-A.22:A.22-A.22 ZONE A.23-A.23:A.23-A.23 ZONE A.24-A.24:A.24-A.24 ZONE A.25-A.25:A.25-A.25 ZONE A.26-A.26:A.26-A.26 ZONE A.27-A.27:A.27-A.27 ZONE A.34-A.34:A.34-A.34 ZONE A.35-A.35:A.35-A.35 ZONE A.36-A.36:A.36-A.36 ZONE A.37-A.37:A.37-A.37 ZONE A.38-A.38:A.38-A.38 ZONE A.39-A.39:A.39-A.39 ZONE A.40-A.40:A.40-A.40 ZONE A.52-A.52:A.52-A.52 ZONE A.53-A.53:A.53-A.53 ZONE A.56-A.56:A.56-A.56 ZONE A.57-A.57:A.57-A.57 ZONE A.60-A.60:A.60-A.60 ZONE A.64-A.64:A.64-A.64 ZONE A.70-A.70:A.70-A.70 ZONE A.71-A.71:A.71-A.71 ZONE A.72-A.72:A.72-A.72 ZONE A.73-A.73:A.73-A.73 ZONE A.74-A.74:A.74-A.74 ZONE A.83-A.83:A.83-A.83 ZONE A.84-A.84:A.84-A.84 ZONE A.85-A.85:A.85-A.85 ZONE A.86-A.86:A.86-A.86 ZONE A.87-A.87:A.87-A.87 ZONE A.88-A.88:A.88-A.88 ZONE A.89-A.89:A.89-A.89 ZONE A.90-A.90:A.90-A.90 ZONE A.91-A.91:A.91-A.91 ZONE A.92-A.92:A.92-A.92 ZONE A.93-A.93:A.93-A.93 ZONE A.94-A.94:A.94-A.94 ZONE A.95-A.95:A.95-A.95 ZONE A.96-A.96:A.96-A.96 ZONE A.97-A.97:A.97-A.97 ZONE A.98-A.98:A.98-A.98 ZONE A.99-A.99:A.99-A.99 ZONE A.100-A.100:A.100-A.100 ZONE A.130-A.130:A.130-A.130 ZONE A.135-A.135:A.135-A.135 ZONE A.136-A.136:A.136-A.136 ZONE A.137-A.137:A.137-A.137 ZONE A.138-A.138:A.138-A.138 ZONE A.139-A.139:A.139-A.139 ZONE A.140-A.140:A.140-A.140 ZONE A.141-A.141:A.141-A.141 ZONE A.142-A.142:A.142-A.142 ZONE A.146-A.146:A.146-A.146 ZONE A.147-A.147:A.147-A.147 ZONE A.148-A.148:A.148-A.148 ZONE A.149-A.149:A.149-A.149 ZONE A.150-A.150:A.150-A.150 ZONE A.151-A.151:A.151-A.151 ZONE A.152-A.152:A.152-A.152 ZONE A.153-A.153:A.153-A.153 ZONE A.154-A.154:A.154-A.154 ZONE A.155-A.155:A.155-A.155 ZONE A.156-A.156:A.156-A.156 ZONE A.157-A.157:A.157-A.157 ZONE A.158-A.158:A.158-A.158 ZONE A.159-A.159:A.159-A.159\n ZONE B.1-B.1:B.1-B.1\n FIT
RMS: 0.000
1
RMS: 0.327
1
RMS: 0.319
1
RMS: 0.339
1
RMS: 0.356
1
RMS: 0.328
1
RMS: 0.311
1
RMS: 0.292
1
RMS: 0.345
1
RMS: 0.270
1
RMS: 0.334
1
RMS: 0.324
1
RMS: 0.254
1
RMS: 0.320
1
RMS: 0.367
1
RMS: 0.344
1
RMS: 0.364
1
RMS: 0.291
1
RMS: 0.333
1
RMS: 0.298
1

