Ligand Mode ON
Loaded 20 structures
Using complex_10w.pdb as reference
Read 2 chains from reference file: AB
^.{21}A
0 0
Checking chain lengths: WARNING!! Chains have different lengths! (B:1 != A:262)
You main run into problems later on...
OK!
Generating ZONE definitions..
Defined 1 zone(s)
ZONE CLEAR \n ZONE A* \n FIT \nRZONE B*\n
ProFit> RMS: 0.000
1
ProFit> RMS: 0.286
1
ProFit> RMS: 0.239
1
ProFit> RMS: 0.285
1
ProFit> RMS: 0.282
1
ProFit> RMS: 0.286
1
ProFit> RMS: 0.257
1
ProFit> RMS: 0.318
1
ProFit> RMS: 0.281
1
ProFit> RMS: 0.240
1
ProFit> RMS: 0.309
1
ProFit> RMS: 0.374
1
ProFit> RMS: 0.262
1
ProFit> RMS: 0.309
1
ProFit> RMS: 0.293
1
ProFit> RMS: 0.489
1
ProFit> RMS: 0.263
1
ProFit> RMS: 0.317
1
ProFit> RMS: 0.349
1
ProFit> RMS: 0.324
1

