Ligand Mode ON
Loaded 20 structures
Using complex_9w.pdb as reference
Read 2 chains from reference file: AB
^.{21}A
0 0
Checking chain lengths: WARNING!! Chains have different lengths! (B:1 != A:337)
You main run into problems later on...
OK!
Generating ZONE definitions..
Defined 1 zone(s)
ZONE CLEAR \n ZONE A* \n FIT \nRZONE B*\n
ProFit> RMS: 0.000
1
ProFit> RMS: 0.323
1
ProFit> RMS: 0.212
1
ProFit> RMS: 0.298
1
ProFit> RMS: 0.341
1
ProFit> RMS: 0.240
1
ProFit> RMS: 0.227
1
ProFit> RMS: 0.247
1
ProFit> RMS: 0.382
1
ProFit> RMS: 0.296
1
ProFit> RMS: 0.227
1
ProFit> RMS: 0.347
1
ProFit> RMS: 0.304
1
ProFit> RMS: 0.325
1
ProFit> RMS: 0.269
1
ProFit> RMS: 0.291
1
ProFit> RMS: 0.262
1
ProFit> RMS: 0.269
1
ProFit> RMS: 0.493
1
ProFit> RMS: 0.266
1

