Interface Mode ON
Loaded 20 structures
Using complex_7w.pdb as reference
Read 2 chains from contacts file: AB
Checking chain lengths: WARNING!! Chains have different lengths! (B:1 != A:291)
You main run into problems later on...
OK!
Generating ZONE definitions..
Defined 1 zone(s)
ZONE CLEAR \n ZONE A.28-A.28:A.28-A.28 ZONE A.29-A.29:A.29-A.29 ZONE A.30-A.30:A.30-A.30 ZONE A.31-A.31:A.31-A.31 ZONE A.32-A.32:A.32-A.32 ZONE A.33-A.33:A.33-A.33 ZONE A.36-A.36:A.36-A.36 ZONE A.37-A.37:A.37-A.37 ZONE A.38-A.38:A.38-A.38 ZONE A.39-A.39:A.39-A.39 ZONE A.40-A.40:A.40-A.40 ZONE A.41-A.41:A.41-A.41 ZONE A.54-A.54:A.54-A.54 ZONE A.55-A.55:A.55-A.55 ZONE A.56-A.56:A.56-A.56 ZONE A.57-A.57:A.57-A.57 ZONE A.58-A.58:A.58-A.58 ZONE A.59-A.59:A.59-A.59 ZONE A.72-A.72:A.72-A.72 ZONE A.75-A.75:A.75-A.75 ZONE A.79-A.79:A.79-A.79 ZONE A.88-A.88:A.88-A.88 ZONE A.89-A.89:A.89-A.89 ZONE A.90-A.90:A.90-A.90 ZONE A.91-A.91:A.91-A.91 ZONE A.92-A.92:A.92-A.92 ZONE A.103-A.103:A.103-A.103 ZONE A.104-A.104:A.104-A.104 ZONE A.105-A.105:A.105-A.105 ZONE A.106-A.106:A.106-A.106 ZONE A.107-A.107:A.107-A.107 ZONE A.108-A.108:A.108-A.108 ZONE A.109-A.109:A.109-A.109 ZONE A.110-A.110:A.110-A.110 ZONE A.111-A.111:A.111-A.111 ZONE A.112-A.112:A.112-A.112 ZONE A.113-A.113:A.113-A.113 ZONE A.115-A.115:A.115-A.115 ZONE A.116-A.116:A.116-A.116 ZONE A.119-A.119:A.119-A.119 ZONE A.225-A.225:A.225-A.225 ZONE A.231-A.231:A.231-A.231 ZONE A.232-A.232:A.232-A.232 ZONE A.233-A.233:A.233-A.233 ZONE A.234-A.234:A.234-A.234 ZONE A.235-A.235:A.235-A.235 ZONE A.236-A.236:A.236-A.236 ZONE A.237-A.237:A.237-A.237 ZONE A.242-A.242:A.242-A.242 ZONE A.243-A.243:A.243-A.243 ZONE A.244-A.244:A.244-A.244 ZONE A.245-A.245:A.245-A.245 ZONE A.246-A.246:A.246-A.246 ZONE A.247-A.247:A.247-A.247 ZONE A.248-A.248:A.248-A.248 ZONE A.249-A.249:A.249-A.249 ZONE A.250-A.250:A.250-A.250\n ZONE B.1-B.1:B.1-B.1\n FIT
RMS: 0.000
1
RMS: 0.286
1
RMS: 0.303
1
RMS: 0.273
1
RMS: 0.335
1
RMS: 0.337
1
RMS: 0.352
1
RMS: 0.321
1
RMS: 0.336
1
RMS: 0.352
1
RMS: 0.344
1
RMS: 0.340
1
RMS: 0.322
1
RMS: 0.312
1
RMS: 0.268
1
RMS: 0.318
1
RMS: 0.379
1
RMS: 0.418
1
RMS: 0.418
1
RMS: 0.349
1

