Ligand Mode ON
Loaded 20 structures
Using complex_9w.pdb as reference
Read 2 chains from reference file: AB
^.{21}A
0 0
Checking chain lengths: WARNING!! Chains have different lengths! (B:1 != A:332)
You main run into problems later on...
OK!
Generating ZONE definitions..
Defined 1 zone(s)
ZONE CLEAR \n ZONE A* \n FIT \nRZONE B*\n
ProFit> RMS: 0.000
1
ProFit> RMS: 0.354
1
ProFit> RMS: 0.278
1
ProFit> RMS: 0.212
1
ProFit> RMS: 0.344
1
ProFit> RMS: 0.282
1
ProFit> RMS: 0.264
1
ProFit> RMS: 0.264
1
ProFit> RMS: 0.181
1
ProFit> RMS: 0.340
1
ProFit> RMS: 0.270
1
ProFit> RMS: 0.277
1
ProFit> RMS: 0.391
1
ProFit> RMS: 0.326
1
ProFit> RMS: 0.313
1
ProFit> RMS: 0.341
1
ProFit> RMS: 0.119
1
ProFit> RMS: 0.232
1
ProFit> RMS: 0.350
1
ProFit> RMS: 0.470
1

