Ligand Mode ON
Loaded 20 structures
Using complex_20w.pdb as reference
Read 2 chains from reference file: AB
^.{21}A
0 0
Checking chain lengths: WARNING!! Chains have different lengths! (B:1 != A:261)
You main run into problems later on...
OK!
Generating ZONE definitions..
Defined 1 zone(s)
ZONE CLEAR \n ZONE A* \n FIT \nRZONE B*\n
ProFit> RMS: 0.000
1
ProFit> RMS: 0.339
1
ProFit> RMS: 0.582
1
ProFit> RMS: 1.039
1
ProFit> RMS: 0.421
1
ProFit> RMS: 0.594
1
ProFit> RMS: 0.864
1
ProFit> RMS: 0.190
1
ProFit> RMS: 1.104
1
ProFit> RMS: 1.258
1
ProFit> RMS: 0.557
1
ProFit> RMS: 0.803
1
ProFit> RMS: 0.195
1
ProFit> RMS: 1.072
1
ProFit> RMS: 0.703
1
ProFit> RMS: 0.732
1
ProFit> RMS: 1.153
1
ProFit> RMS: 0.476
1
ProFit> RMS: 0.807
1
ProFit> RMS: 1.125
1

