Ligand Mode ON
Loaded 20 structures
Using complex_5w.pdb as reference
Read 2 chains from reference file: AB
^.{21}A
0 0
Checking chain lengths: WARNING!! Chains have different lengths! (B:1 != A:306)
You main run into problems later on...
OK!
Generating ZONE definitions..
Defined 1 zone(s)
ZONE CLEAR \n ZONE A* \n FIT \nRZONE B*\n
ProFit> RMS: 0.000
1
ProFit> RMS: 0.254
1
ProFit> RMS: 0.295
1
ProFit> RMS: 0.276
1
ProFit> RMS: 0.266
1
ProFit> RMS: 0.232
1
ProFit> RMS: 0.336
1
ProFit> RMS: 0.234
1
ProFit> RMS: 0.741
1
ProFit> RMS: 0.241
1
ProFit> RMS: 0.332
1
ProFit> RMS: 0.331
1
ProFit> RMS: 0.354
1
ProFit> RMS: 0.340
1
ProFit> RMS: 0.277
1
ProFit> RMS: 0.343
1
ProFit> RMS: 0.463
1
ProFit> RMS: 0.512
1
ProFit> RMS: 0.303
1
ProFit> RMS: 0.355
1

