Ligand Mode ON
Loaded 20 structures
Using complex_15w.pdb as reference
Read 2 chains from reference file: AB
^.{21}A
0 0
Checking chain lengths: WARNING!! Chains have different lengths! (B:1 != A:268)
You main run into problems later on...
OK!
Generating ZONE definitions..
Defined 1 zone(s)
ZONE CLEAR \n ZONE A* \n FIT \nRZONE B*\n
ProFit> RMS: 0.000
1
ProFit> RMS: 0.272
1
ProFit> RMS: 0.247
1
ProFit> RMS: 0.311
1
ProFit> RMS: 0.220
1
ProFit> RMS: 0.328
1
ProFit> RMS: 0.301
1
ProFit> RMS: 0.232
1
ProFit> RMS: 0.180
1
ProFit> RMS: 0.288
1
ProFit> RMS: 0.276
1
ProFit> RMS: 0.347
1
ProFit> RMS: 0.276
1
ProFit> RMS: 0.380
1
ProFit> RMS: 0.179
1
ProFit> RMS: 0.229
1
ProFit> RMS: 0.283
1
ProFit> RMS: 0.240
1
ProFit> RMS: 0.285
1
ProFit> RMS: 0.245
1

