Interface Mode ON
Loaded 20 structures
Using complex_9w.pdb as reference
Read 2 chains from contacts file: AB
Checking chain lengths: WARNING!! Chains have different lengths! (B:1 != A:337)
You main run into problems later on...
OK!
Generating ZONE definitions..
Defined 1 zone(s)
ZONE CLEAR \n ZONE A.34-A.34:A.34-A.34 ZONE A.35-A.35:A.35-A.35 ZONE A.36-A.36:A.36-A.36 ZONE A.37-A.37:A.37-A.37 ZONE A.38-A.38:A.38-A.38 ZONE A.39-A.39:A.39-A.39 ZONE A.40-A.40:A.40-A.40 ZONE A.41-A.41:A.41-A.41 ZONE A.42-A.42:A.42-A.42 ZONE A.43-A.43:A.43-A.43 ZONE A.44-A.44:A.44-A.44 ZONE A.45-A.45:A.45-A.45 ZONE A.46-A.46:A.46-A.46 ZONE A.47-A.47:A.47-A.47 ZONE A.55-A.55:A.55-A.55 ZONE A.56-A.56:A.56-A.56 ZONE A.57-A.57:A.57-A.57 ZONE A.58-A.58:A.58-A.58 ZONE A.59-A.59:A.59-A.59 ZONE A.60-A.60:A.60-A.60 ZONE A.61-A.61:A.61-A.61 ZONE A.62-A.62:A.62-A.62 ZONE A.63-A.63:A.63-A.63 ZONE A.65-A.65:A.65-A.65 ZONE A.66-A.66:A.66-A.66 ZONE A.67-A.67:A.67-A.67 ZONE A.68-A.68:A.68-A.68 ZONE A.69-A.69:A.69-A.69 ZONE A.70-A.70:A.70-A.70 ZONE A.71-A.71:A.71-A.71 ZONE A.72-A.72:A.72-A.72 ZONE A.73-A.73:A.73-A.73 ZONE A.74-A.74:A.74-A.74 ZONE A.75-A.75:A.75-A.75 ZONE A.76-A.76:A.76-A.76 ZONE A.77-A.77:A.77-A.77 ZONE A.78-A.78:A.78-A.78 ZONE A.79-A.79:A.79-A.79 ZONE A.82-A.82:A.82-A.82 ZONE A.90-A.90:A.90-A.90 ZONE A.91-A.91:A.91-A.91 ZONE A.92-A.92:A.92-A.92 ZONE A.93-A.93:A.93-A.93 ZONE A.103-A.103:A.103-A.103 ZONE A.105-A.105:A.105-A.105 ZONE A.106-A.106:A.106-A.106 ZONE A.107-A.107:A.107-A.107 ZONE A.108-A.108:A.108-A.108 ZONE A.109-A.109:A.109-A.109 ZONE A.110-A.110:A.110-A.110 ZONE A.111-A.111:A.111-A.111 ZONE A.112-A.112:A.112-A.112 ZONE A.113-A.113:A.113-A.113 ZONE A.114-A.114:A.114-A.114 ZONE A.115-A.115:A.115-A.115 ZONE A.116-A.116:A.116-A.116 ZONE A.117-A.117:A.117-A.117 ZONE A.151-A.151:A.151-A.151 ZONE A.152-A.152:A.152-A.152 ZONE A.153-A.153:A.153-A.153 ZONE A.154-A.154:A.154-A.154 ZONE A.155-A.155:A.155-A.155 ZONE A.156-A.156:A.156-A.156 ZONE A.157-A.157:A.157-A.157 ZONE A.158-A.158:A.158-A.158 ZONE A.159-A.159:A.159-A.159 ZONE A.160-A.160:A.160-A.160 ZONE A.161-A.161:A.161-A.161 ZONE A.162-A.162:A.162-A.162 ZONE A.168-A.168:A.168-A.168 ZONE A.169-A.169:A.169-A.169 ZONE A.170-A.170:A.170-A.170 ZONE A.171-A.171:A.171-A.171 ZONE A.172-A.172:A.172-A.172 ZONE A.173-A.173:A.173-A.173 ZONE A.174-A.174:A.174-A.174 ZONE A.175-A.175:A.175-A.175 ZONE A.184-A.184:A.184-A.184 ZONE A.185-A.185:A.185-A.185 ZONE A.186-A.186:A.186-A.186 ZONE A.187-A.187:A.187-A.187 ZONE A.188-A.188:A.188-A.188 ZONE A.310-A.310:A.310-A.310 ZONE A.311-A.311:A.311-A.311 ZONE A.313-A.313:A.313-A.313 ZONE A.314-A.314:A.314-A.314 ZONE A.315-A.315:A.315-A.315 ZONE A.317-A.317:A.317-A.317 ZONE A.337-A.337:A.337-A.337\n ZONE B.1-B.1:B.1-B.1\n FIT
RMS: 0.000
1
RMS: 0.266
1
RMS: 0.329
1
RMS: 0.272
1
RMS: 0.335
1
RMS: 0.332
1
RMS: 0.323
1
RMS: 0.286
1
RMS: 0.323
1
RMS: 0.335
1
RMS: 0.308
1
RMS: 0.366
1
RMS: 0.296
1
RMS: 0.323
1
RMS: 0.307
1
RMS: 0.297
1
RMS: 0.347
1
RMS: 0.351
1
RMS: 0.400
1
RMS: 0.280
1

