Ligand Mode ON
Loaded 20 structures
Using complex_6w.pdb as reference
Read 2 chains from reference file: AB
^.{21}A
0 0
Checking chain lengths: WARNING!! Chains have different lengths! (B:1 != A:299)
You main run into problems later on...
OK!
Generating ZONE definitions..
Defined 1 zone(s)
ZONE CLEAR \n ZONE A* \n FIT \nRZONE B*\n
ProFit> RMS: 0.000
1
ProFit> RMS: 0.302
1
ProFit> RMS: 0.302
1
ProFit> RMS: 0.238
1
ProFit> RMS: 0.189
1
ProFit> RMS: 0.138
1
ProFit> RMS: 0.310
1
ProFit> RMS: 0.284
1
ProFit> RMS: 0.195
1
ProFit> RMS: 0.267
1
ProFit> RMS: 0.304
1
ProFit> RMS: 0.252
1
ProFit> RMS: 0.228
1
ProFit> RMS: 0.277
1
ProFit> RMS: 0.236
1
ProFit> RMS: 0.221
1
ProFit> RMS: 0.353
1
ProFit> RMS: 0.231
1
ProFit> RMS: 0.363
1
ProFit> RMS: 0.242
1

