Ligand Mode ON
Loaded 20 structures
Using complex_13w.pdb as reference
Read 2 chains from reference file: AB
^.{21}A
0 0
Checking chain lengths: WARNING!! Chains have different lengths! (B:1 != A:256)
You main run into problems later on...
OK!
Generating ZONE definitions..
Defined 1 zone(s)
ZONE CLEAR \n ZONE A* \n FIT \nRZONE B*\n
ProFit> RMS: 0.000
1
ProFit> RMS: 0.212
1
ProFit> RMS: 0.204
1
ProFit> RMS: 0.167
1
ProFit> RMS: 0.201
1
ProFit> RMS: 0.237
1
ProFit> RMS: 0.189
1
ProFit> RMS: 0.379
1
ProFit> RMS: 0.180
1
ProFit> RMS: 0.174
1
ProFit> RMS: 0.142
1
ProFit> RMS: 0.112
1
ProFit> RMS: 0.088
1
ProFit> RMS: 0.266
1
ProFit> RMS: 0.314
1
ProFit> RMS: 0.207
1
ProFit> RMS: 0.258
1
ProFit> RMS: 0.231
1
ProFit> RMS: 0.179
1
ProFit> RMS: 0.226
1

