d(H-D)=    3.78 +-  0.00 #hb=    1  atoms "A   -101 -GLY -CA  " and "B   -1   -IRE -CAA "
d(H-D)=    3.82 +-  0.06 #hb=    2  atoms "A   -101 -GLY -CA  " and "B   -1   -IRE -CAH "
d(H-D)=    3.69 +-  0.00 #hb=    1  atoms "A   -101 -GLY -CA  " and "B   -1   -IRE -CAK "
d(H-D)=    3.55 +-  0.12 #hb=   19  atoms "A   -101 -GLY -CA  " and "B   -1   -IRE -CAZ "
d(H-D)=    3.72 +-  0.10 #hb=   10  atoms "A   -101 -GLY -CA  " and "B   -1   -IRE -CBA "
d(H-D)=    3.82 +-  0.00 #hb=    1  atoms "A   -102 -CYS -CB  " and "B   -1   -IRE -CAK "
d(H-D)=    3.60 +-  0.15 #hb=   15  atoms "A   -105 -ASP -CG  " and "B   -1   -IRE -CAM "
d(H-D)=    3.70 +-  0.15 #hb=    9  atoms "A   -105 -ASP -CG  " and "B   -1   -IRE -CAP "
d(H-D)=    3.76 +-  0.11 #hb=   18  atoms "A   -149 -LEU -CD1 " and "B   -1   -IRE -C2  "
d(H-D)=    3.61 +-  0.08 #hb=   18  atoms "A   -149 -LEU -CD1 " and "B   -1   -IRE -C6  "
d(H-D)=    3.69 +-  0.10 #hb=   17  atoms "A   -149 -LEU -CD1 " and "B   -1   -IRE -CAG "
d(H-D)=    3.81 +-  0.04 #hb=    5  atoms "A   -149 -LEU -CD1 " and "B   -1   -IRE -CAY "
d(H-D)=    3.79 +-  0.10 #hb=    3  atoms "A   -149 -LEU -CD2 " and "B   -1   -IRE -C5  "
d(H-D)=    3.71 +-  0.08 #hb=    3  atoms "A   -149 -LEU -CD2 " and "B   -1   -IRE -C6  "
d(H-D)=    3.82 +-  0.05 #hb=    5  atoms "A   -159 -THR -CG2 " and "B   -1   -IRE -CAD "
d(H-D)=    3.82 +-  0.07 #hb=    9  atoms "A   -159 -THR -CG2 " and "B   -1   -IRE -CAW "
d(H-D)=    3.86 +-  0.02 #hb=    2  atoms "A   -159 -THR -CG2 " and "B   -1   -IRE -CAX "
d(H-D)=    3.89 +-  0.00 #hb=    1  atoms "A   -160 -ASP -CA  " and "B   -1   -IRE -CAW "
d(H-D)=    3.54 +-  0.23 #hb=    8  atoms "A   -160 -ASP -CG  " and "B   -1   -IRE -CAD "
d(H-D)=    3.79 +-  0.00 #hb=    1  atoms "A   -23  -LEU -C   " and "B   -1   -IRE -CAN "
d(H-D)=    3.80 +-  0.07 #hb=    6  atoms "A   -23  -LEU -CD1 " and "B   -1   -IRE -C4  "
d(H-D)=    3.66 +-  0.15 #hb=   14  atoms "A   -23  -LEU -CD1 " and "B   -1   -IRE -CAA "
d(H-D)=    3.65 +-  0.09 #hb=   20  atoms "A   -23  -LEU -CD1 " and "B   -1   -IRE -CAH "
d(H-D)=    3.75 +-  0.10 #hb=   15  atoms "A   -23  -LEU -CD1 " and "B   -1   -IRE -CAZ "
d(H-D)=    3.80 +-  0.00 #hb=    1  atoms "A   -23  -LEU -CD1 " and "B   -1   -IRE -CBA "
d(H-D)=    3.49 +-  0.11 #hb=   20  atoms "A   -23  -LEU -CD2 " and "B   -1   -IRE -CAA "
d(H-D)=    3.76 +-  0.06 #hb=    2  atoms "A   -24  -SER -CB  " and "B   -1   -IRE -CAO "
d(H-D)=    3.29 +-  0.09 #hb=   20  atoms "A   -48  -ALA -CB  " and "B   -1   -IRE -C2  "
d(H-D)=    3.81 +-  0.09 #hb=    5  atoms "A   -50  -LYS -CD  " and "B   -1   -IRE -CAD "
d(H-D)=    3.76 +-  0.13 #hb=   12  atoms "A   -50  -LYS -CD  " and "B   -1   -IRE -CAW "
d(H-D)=    3.75 +-  0.12 #hb=   10  atoms "A   -50  -LYS -CE  " and "B   -1   -IRE -CAD "
d(H-D)=    3.85 +-  0.00 #hb=    1  atoms "A   -50  -LYS -CE  " and "B   -1   -IRE -CAW "
d(H-D)=    3.61 +-  0.13 #hb=   18  atoms "A   -71  -MET -CE  " and "B   -1   -IRE -CL  "
d(H-D)=    3.72 +-  0.10 #hb=   12  atoms "A   -95  -THR -CB  " and "B   -1   -IRE -CL  "
d(H-D)=    3.74 +-  0.00 #hb=    1  atoms "A   -95  -THR -CG2 " and "B   -1   -IRE -C2  "
d(H-D)=    3.33 +-  0.10 #hb=   20  atoms "A   -95  -THR -CG2 " and "B   -1   -IRE -CL  "
d(H-D)=    3.78 +-  0.00 #hb=    1  atoms "A   -97  -LEU -CD1 " and "B   -1   -IRE -CAA "
d(H-D)=    3.75 +-  0.14 #hb=    5  atoms "A   -97  -LEU -CD1 " and "B   -1   -IRE -CAH "
d(H-D)=    3.78 +-  0.08 #hb=   11  atoms "A   -98  -MET -C   " and "B   -1   -IRE -CAH "
d(H-D)=    3.88 +-  0.00 #hb=    1  atoms "A   -98  -MET -CB  " and "B   -1   -IRE -C4  "
d(H-D)=    3.78 +-  0.00 #hb=    1  atoms "A   -98  -MET -CB  " and "B   -1   -IRE -CAH "
d(H-D)=    3.81 +-  0.04 #hb=    7  atoms "A   -98  -MET -CG  " and "B   -1   -IRE -C2  "
