Ligand Mode ON
Loaded 20 structures
Using complex_8w.pdb as reference
Read 2 chains from reference file: AB
^.{21}A
0 0
Checking chain lengths: WARNING!! Chains have different lengths! (B:1 != A:307)
You main run into problems later on...
OK!
Generating ZONE definitions..
Defined 1 zone(s)
ZONE CLEAR \n ZONE A* \n FIT \nRZONE B*\n
ProFit> RMS: 0.000
1
ProFit> RMS: 0.487
1
ProFit> RMS: 0.287
1
ProFit> RMS: 0.255
1
ProFit> RMS: 0.554
1
ProFit> RMS: 0.321
1
ProFit> RMS: 0.418
1
ProFit> RMS: 0.379
1
ProFit> RMS: 0.444
1
ProFit> RMS: 0.399
1
ProFit> RMS: 0.453
1
ProFit> RMS: 0.431
1
ProFit> RMS: 0.468
1
ProFit> RMS: 0.403
1
ProFit> RMS: 0.340
1
ProFit> RMS: 0.412
1
ProFit> RMS: 0.365
1
ProFit> RMS: 0.448
1
ProFit> RMS: 0.317
1
ProFit> RMS: 0.468
1

