Ligand Mode ON
Loaded 20 structures
Using complex_19w.pdb as reference
Read 2 chains from reference file: AB
^.{21}A
0 0
Checking chain lengths: WARNING!! Chains have different lengths! (B:1 != A:277)
You main run into problems later on...
OK!
Generating ZONE definitions..
Defined 1 zone(s)
ZONE CLEAR \n ZONE A* \n FIT \nRZONE B*\n
ProFit> RMS: 0.000
1
ProFit> RMS: 0.302
1
ProFit> RMS: 0.347
1
ProFit> RMS: 0.405
1
ProFit> RMS: 0.565
1
ProFit> RMS: 0.410
1
ProFit> RMS: 0.217
1
ProFit> RMS: 0.219
1
ProFit> RMS: 0.164
1
ProFit> RMS: 0.247
1
ProFit> RMS: 0.305
1
ProFit> RMS: 0.387
1
ProFit> RMS: 0.465
1
ProFit> RMS: 0.525
1
ProFit> RMS: 0.384
1
ProFit> RMS: 0.516
1
ProFit> RMS: 0.339
1
ProFit> RMS: 0.330
1
ProFit> RMS: 0.380
1
ProFit> RMS: 0.558
1

