Ligand Mode ON
Loaded 20 structures
Using complex_20w.pdb as reference
Read 2 chains from reference file: AB
^.{21}A
0 0
Checking chain lengths: WARNING!! Chains have different lengths! (B:1 != A:302)
You main run into problems later on...
OK!
Generating ZONE definitions..
Defined 1 zone(s)
ZONE CLEAR \n ZONE A* \n FIT \nRZONE B*\n
ProFit> RMS: 0.000
1
ProFit> RMS: 0.396
1
ProFit> RMS: 0.442
1
ProFit> RMS: 0.237
1
ProFit> RMS: 0.177
1
ProFit> RMS: 0.238
1
ProFit> RMS: 0.731
1
ProFit> RMS: 0.390
1
ProFit> RMS: 0.134
1
ProFit> RMS: 0.345
1
ProFit> RMS: 0.818
1
ProFit> RMS: 0.423
1
ProFit> RMS: 0.210
1
ProFit> RMS: 0.202
1
ProFit> RMS: 0.384
1
ProFit> RMS: 0.442
1
ProFit> RMS: 0.663
1
ProFit> RMS: 0.288
1
ProFit> RMS: 0.394
1
ProFit> RMS: 0.224
1

