Interface Mode ON
Loaded 20 structures
Using complex_5w.pdb as reference
Read 2 chains from contacts file: AB
Checking chain lengths: WARNING!! Chains have different lengths! (B:1 != A:338)
You main run into problems later on...
OK!
Generating ZONE definitions..
Defined 1 zone(s)
ZONE CLEAR \n ZONE A.35-A.35:A.35-A.35 ZONE A.36-A.36:A.36-A.36 ZONE A.37-A.37:A.37-A.37 ZONE A.38-A.38:A.38-A.38 ZONE A.39-A.39:A.39-A.39 ZONE A.40-A.40:A.40-A.40 ZONE A.41-A.41:A.41-A.41 ZONE A.42-A.42:A.42-A.42 ZONE A.43-A.43:A.43-A.43 ZONE A.44-A.44:A.44-A.44 ZONE A.45-A.45:A.45-A.45 ZONE A.46-A.46:A.46-A.46 ZONE A.47-A.47:A.47-A.47 ZONE A.48-A.48:A.48-A.48 ZONE A.56-A.56:A.56-A.56 ZONE A.57-A.57:A.57-A.57 ZONE A.58-A.58:A.58-A.58 ZONE A.59-A.59:A.59-A.59 ZONE A.60-A.60:A.60-A.60 ZONE A.61-A.61:A.61-A.61 ZONE A.62-A.62:A.62-A.62 ZONE A.63-A.63:A.63-A.63 ZONE A.64-A.64:A.64-A.64 ZONE A.66-A.66:A.66-A.66 ZONE A.67-A.67:A.67-A.67 ZONE A.68-A.68:A.68-A.68 ZONE A.70-A.70:A.70-A.70 ZONE A.71-A.71:A.71-A.71 ZONE A.72-A.72:A.72-A.72 ZONE A.73-A.73:A.73-A.73 ZONE A.74-A.74:A.74-A.74 ZONE A.75-A.75:A.75-A.75 ZONE A.76-A.76:A.76-A.76 ZONE A.77-A.77:A.77-A.77 ZONE A.78-A.78:A.78-A.78 ZONE A.79-A.79:A.79-A.79 ZONE A.80-A.80:A.80-A.80 ZONE A.83-A.83:A.83-A.83 ZONE A.91-A.91:A.91-A.91 ZONE A.92-A.92:A.92-A.92 ZONE A.93-A.93:A.93-A.93 ZONE A.94-A.94:A.94-A.94 ZONE A.104-A.104:A.104-A.104 ZONE A.106-A.106:A.106-A.106 ZONE A.107-A.107:A.107-A.107 ZONE A.108-A.108:A.108-A.108 ZONE A.109-A.109:A.109-A.109 ZONE A.110-A.110:A.110-A.110 ZONE A.111-A.111:A.111-A.111 ZONE A.112-A.112:A.112-A.112 ZONE A.113-A.113:A.113-A.113 ZONE A.114-A.114:A.114-A.114 ZONE A.115-A.115:A.115-A.115 ZONE A.116-A.116:A.116-A.116 ZONE A.117-A.117:A.117-A.117 ZONE A.118-A.118:A.118-A.118 ZONE A.152-A.152:A.152-A.152 ZONE A.153-A.153:A.153-A.153 ZONE A.154-A.154:A.154-A.154 ZONE A.156-A.156:A.156-A.156 ZONE A.157-A.157:A.157-A.157 ZONE A.158-A.158:A.158-A.158 ZONE A.159-A.159:A.159-A.159 ZONE A.160-A.160:A.160-A.160 ZONE A.161-A.161:A.161-A.161 ZONE A.162-A.162:A.162-A.162 ZONE A.163-A.163:A.163-A.163 ZONE A.164-A.164:A.164-A.164 ZONE A.168-A.168:A.168-A.168 ZONE A.169-A.169:A.169-A.169 ZONE A.170-A.170:A.170-A.170 ZONE A.171-A.171:A.171-A.171 ZONE A.172-A.172:A.172-A.172 ZONE A.173-A.173:A.173-A.173 ZONE A.174-A.174:A.174-A.174 ZONE A.175-A.175:A.175-A.175 ZONE A.176-A.176:A.176-A.176 ZONE A.185-A.185:A.185-A.185 ZONE A.186-A.186:A.186-A.186 ZONE A.187-A.187:A.187-A.187 ZONE A.188-A.188:A.188-A.188 ZONE A.189-A.189:A.189-A.189 ZONE A.311-A.311:A.311-A.311 ZONE A.312-A.312:A.312-A.312 ZONE A.314-A.314:A.314-A.314 ZONE A.315-A.315:A.315-A.315 ZONE A.316-A.316:A.316-A.316 ZONE A.318-A.318:A.318-A.318 ZONE A.335-A.335:A.335-A.335 ZONE A.338-A.338:A.338-A.338\n ZONE B.1-B.1:B.1-B.1\n FIT
RMS: 0.000
1
RMS: 0.314
1
RMS: 0.272
1
RMS: 0.296
1
RMS: 0.272
1
RMS: 0.349
1
RMS: 0.303
1
RMS: 0.311
1
RMS: 0.242
1
RMS: 0.318
1
RMS: 0.290
1
RMS: 0.265
1
RMS: 0.294
1
RMS: 0.276
1
RMS: 0.284
1
RMS: 0.283
1
RMS: 0.274
1
RMS: 0.295
1
RMS: 0.300
1
RMS: 0.270
1

