Interface Mode ON
Loaded 20 structures
Using complex_11w.pdb as reference
Read 2 chains from contacts file: AB
Checking chain lengths: WARNING!! Chains have different lengths! (B:1 != A:295)
You main run into problems later on...
OK!
Generating ZONE definitions..
Defined 1 zone(s)
ZONE CLEAR \n ZONE A.28-A.28:A.28-A.28 ZONE A.29-A.29:A.29-A.29 ZONE A.30-A.30:A.30-A.30 ZONE A.31-A.31:A.31-A.31 ZONE A.32-A.32:A.32-A.32 ZONE A.33-A.33:A.33-A.33 ZONE A.34-A.34:A.34-A.34 ZONE A.35-A.35:A.35-A.35 ZONE A.36-A.36:A.36-A.36 ZONE A.37-A.37:A.37-A.37 ZONE A.38-A.38:A.38-A.38 ZONE A.39-A.39:A.39-A.39 ZONE A.40-A.40:A.40-A.40 ZONE A.41-A.41:A.41-A.41 ZONE A.54-A.54:A.54-A.54 ZONE A.55-A.55:A.55-A.55 ZONE A.56-A.56:A.56-A.56 ZONE A.57-A.57:A.57-A.57 ZONE A.58-A.58:A.58-A.58 ZONE A.59-A.59:A.59-A.59 ZONE A.72-A.72:A.72-A.72 ZONE A.75-A.75:A.75-A.75 ZONE A.79-A.79:A.79-A.79 ZONE A.87-A.87:A.87-A.87 ZONE A.88-A.88:A.88-A.88 ZONE A.89-A.89:A.89-A.89 ZONE A.90-A.90:A.90-A.90 ZONE A.91-A.91:A.91-A.91 ZONE A.102-A.102:A.102-A.102 ZONE A.103-A.103:A.103-A.103 ZONE A.104-A.104:A.104-A.104 ZONE A.105-A.105:A.105-A.105 ZONE A.106-A.106:A.106-A.106 ZONE A.107-A.107:A.107-A.107 ZONE A.108-A.108:A.108-A.108 ZONE A.109-A.109:A.109-A.109 ZONE A.110-A.110:A.110-A.110 ZONE A.111-A.111:A.111-A.111 ZONE A.112-A.112:A.112-A.112 ZONE A.113-A.113:A.113-A.113 ZONE A.114-A.114:A.114-A.114 ZONE A.115-A.115:A.115-A.115 ZONE A.118-A.118:A.118-A.118 ZONE A.141-A.141:A.141-A.141 ZONE A.155-A.155:A.155-A.155 ZONE A.157-A.157:A.157-A.157 ZONE A.159-A.159:A.159-A.159 ZONE A.160-A.160:A.160-A.160 ZONE A.161-A.161:A.161-A.161 ZONE A.162-A.162:A.162-A.162 ZONE A.163-A.163:A.163-A.163 ZONE A.164-A.164:A.164-A.164 ZONE A.165-A.165:A.165-A.165 ZONE A.166-A.166:A.166-A.166 ZONE A.167-A.167:A.167-A.167 ZONE A.168-A.168:A.168-A.168 ZONE A.175-A.175:A.175-A.175 ZONE A.176-A.176:A.176-A.176 ZONE A.177-A.177:A.177-A.177 ZONE A.178-A.178:A.178-A.178 ZONE A.179-A.179:A.179-A.179 ZONE A.180-A.180:A.180-A.180 ZONE A.181-A.181:A.181-A.181\n ZONE B.1-B.1:B.1-B.1\n FIT
RMS: 0.000
1
RMS: 0.274
1
RMS: 0.316
1
RMS: 0.327
1
RMS: 0.272
1
RMS: 0.308
1
RMS: 0.322
1
RMS: 0.319
1
RMS: 0.319
1
RMS: 0.301
1
RMS: 0.257
1
RMS: 0.326
1
RMS: 0.355
1
RMS: 0.270
1
RMS: 0.266
1
RMS: 0.305
1
RMS: 0.302
1
RMS: 0.294
1
RMS: 0.302
1
RMS: 0.290
1

