Ligand Mode ON
Loaded 20 structures
Using complex_7w.pdb as reference
Read 2 chains from reference file: AB
^.{21}A
0 0
Checking chain lengths: WARNING!! Chains have different lengths! (B:1 != A:281)
You main run into problems later on...
OK!
Generating ZONE definitions..
Defined 1 zone(s)
ZONE CLEAR \n ZONE A* \n FIT \nRZONE B*\n
ProFit> RMS: 0.000
1
ProFit> RMS: 0.470
1
ProFit> RMS: 0.615
1
ProFit> RMS: 0.560
1
ProFit> RMS: 0.467
1
ProFit> RMS: 0.608
1
ProFit> RMS: 0.455
1
ProFit> RMS: 0.629
1
ProFit> RMS: 0.325
1
ProFit> RMS: 0.369
1
ProFit> RMS: 0.451
1
ProFit> RMS: 0.603
1
ProFit> RMS: 0.211
1
ProFit> RMS: 0.400
1
ProFit> RMS: 0.454
1
ProFit> RMS: 0.343
1
ProFit> RMS: 0.577
1
ProFit> RMS: 0.392
1
ProFit> RMS: 0.565
1
ProFit> RMS: 0.639
1

