Ligand Mode ON
Loaded 20 structures
Using complex_11w.pdb as reference
Read 2 chains from reference file: AB
^.{21}A
0 0
Checking chain lengths: WARNING!! Chains have different lengths! (B:1 != A:261)
You main run into problems later on...
OK!
Generating ZONE definitions..
Defined 1 zone(s)
ZONE CLEAR \n ZONE A* \n FIT \nRZONE B*\n
ProFit> RMS: 0.000
1
ProFit> RMS: 0.416
1
ProFit> RMS: 0.440
1
ProFit> RMS: 0.951
1
ProFit> RMS: 0.477
1
ProFit> RMS: 0.420
1
ProFit> RMS: 0.464
1
ProFit> RMS: 1.560
1
ProFit> RMS: 0.373
1
ProFit> RMS: 0.672
1
ProFit> RMS: 0.508
1
ProFit> RMS: 0.554
1
ProFit> RMS: 0.425
1
ProFit> RMS: 0.967
1
ProFit> RMS: 1.036
1
ProFit> RMS: 0.161
1
ProFit> RMS: 0.733
1
ProFit> RMS: 0.571
1
ProFit> RMS: 0.766
1
ProFit> RMS: 1.172
1

