d(H-D)=    3.74 +-  0.11 #hb=   19  atoms "A   -143 -LEU -CD1 " and "B   -1   -P3Y -C10 "
d(H-D)=    3.60 +-  0.12 #hb=   20  atoms "A   -143 -LEU -CD1 " and "B   -1   -P3Y -C5  "
d(H-D)=    3.48 +-  0.10 #hb=   20  atoms "A   -143 -LEU -CD1 " and "B   -1   -P3Y -C6  "
d(H-D)=    3.75 +-  0.11 #hb=   18  atoms "A   -143 -LEU -CD1 " and "B   -1   -P3Y -C9  "
d(H-D)=    3.48 +-  0.13 #hb=   20  atoms "A   -143 -LEU -CD2 " and "B   -1   -P3Y -C1  "
d(H-D)=    3.86 +-  0.00 #hb=    1  atoms "A   -143 -LEU -CD2 " and "B   -1   -P3Y -C25 "
d(H-D)=    3.65 +-  0.06 #hb=   20  atoms "A   -143 -LEU -CD2 " and "B   -1   -P3Y -C3  "
d(H-D)=    3.51 +-  0.06 #hb=   20  atoms "A   -143 -LEU -CD2 " and "B   -1   -P3Y -C4  "
d(H-D)=    3.74 +-  0.09 #hb=   15  atoms "A   -143 -LEU -CD2 " and "B   -1   -P3Y -C5  "
d(H-D)=    3.77 +-  0.09 #hb=    2  atoms "A   -143 -LEU -CG  " and "B   -1   -P3Y -C1  "
d(H-D)=    3.80 +-  0.11 #hb=    3  atoms "A   -153 -ALA -CB  " and "B   -1   -P3Y -C1  "
d(H-D)=    3.82 +-  0.08 #hb=    2  atoms "A   -153 -ALA -CB  " and "B   -1   -P3Y -C15 "
d(H-D)=    3.66 +-  0.10 #hb=   12  atoms "A   -154 -ASP -CB  " and "B   -1   -P3Y -C17 "
d(H-D)=    3.65 +-  0.16 #hb=   11  atoms "A   -154 -ASP -CG  " and "B   -1   -P3Y -C17 "
d(H-D)=    3.62 +-  0.10 #hb=   20  atoms "A   -21  -LEU -CD1 " and "B   -1   -P3Y -C24 "
d(H-D)=    3.69 +-  0.11 #hb=   19  atoms "A   -21  -LEU -CD1 " and "B   -1   -P3Y -C25 "
d(H-D)=    3.74 +-  0.00 #hb=    1  atoms "A   -21  -LEU -CD1 " and "B   -1   -P3Y -C29 "
d(H-D)=    3.67 +-  0.07 #hb=   20  atoms "A   -21  -LEU -CD1 " and "B   -1   -P3Y -C3  "
d(H-D)=    3.53 +-  0.09 #hb=   20  atoms "A   -21  -LEU -CD1 " and "B   -1   -P3Y -C4  "
d(H-D)=    3.59 +-  0.16 #hb=   19  atoms "A   -22  -GLY -CA  " and "B   -1   -P3Y -C27 "
d(H-D)=    3.79 +-  0.11 #hb=    8  atoms "A   -26  -TYR -CB  " and "B   -1   -P3Y -C16 "
d(H-D)=    3.79 +-  0.01 #hb=    2  atoms "A   -26  -TYR -CB  " and "B   -1   -P3Y -C17 "
d(H-D)=    3.78 +-  0.09 #hb=    3  atoms "A   -26  -TYR -CD1 " and "B   -1   -P3Y -C1  "
d(H-D)=    3.42 +-  0.18 #hb=    8  atoms "A   -26  -TYR -CD1 " and "B   -1   -P3Y -C16 "
d(H-D)=    3.81 +-  0.04 #hb=    2  atoms "A   -26  -TYR -CD1 " and "B   -1   -P3Y -C17 "
d(H-D)=    3.82 +-  0.06 #hb=    5  atoms "A   -26  -TYR -CD2 " and "B   -1   -P3Y -C1  "
d(H-D)=    3.87 +-  0.00 #hb=    2  atoms "A   -26  -TYR -CD2 " and "B   -1   -P3Y -C16 "
d(H-D)=    3.47 +-  0.16 #hb=    8  atoms "A   -26  -TYR -CE1 " and "B   -1   -P3Y -C1  "
d(H-D)=    3.72 +-  0.10 #hb=    6  atoms "A   -26  -TYR -CE1 " and "B   -1   -P3Y -C16 "
d(H-D)=    3.74 +-  0.11 #hb=    8  atoms "A   -26  -TYR -CE2 " and "B   -1   -P3Y -C1  "
d(H-D)=    3.52 +-  0.24 #hb=   11  atoms "A   -26  -TYR -CE2 " and "B   -1   -P3Y -C25 "
d(H-D)=    3.67 +-  0.15 #hb=   11  atoms "A   -26  -TYR -CG  " and "B   -1   -P3Y -C16 "
d(H-D)=    3.86 +-  0.00 #hb=    1  atoms "A   -26  -TYR -CG  " and "B   -1   -P3Y -C17 "
d(H-D)=    3.54 +-  0.21 #hb=    8  atoms "A   -26  -TYR -CZ  " and "B   -1   -P3Y -C1  "
d(H-D)=    3.78 +-  0.00 #hb=    1  atoms "A   -29  -VAL -CG1 " and "B   -1   -P3Y -C17 "
d(H-D)=    3.71 +-  0.07 #hb=    2  atoms "A   -29  -VAL -CG1 " and "B   -1   -P3Y -C18 "
d(H-D)=    3.72 +-  0.09 #hb=    9  atoms "A   -29  -VAL -CG1 " and "B   -1   -P3Y -C19 "
d(H-D)=    3.82 +-  0.08 #hb=    5  atoms "A   -29  -VAL -CG2 " and "B   -1   -P3Y -C17 "
d(H-D)=    3.77 +-  0.09 #hb=    9  atoms "A   -29  -VAL -CG2 " and "B   -1   -P3Y -C18 "
d(H-D)=    3.58 +-  0.12 #hb=   20  atoms "A   -42  -ALA -CB  " and "B   -1   -P3Y -C10 "
d(H-D)=    3.63 +-  0.10 #hb=   20  atoms "A   -42  -ALA -CB  " and "B   -1   -P3Y -C6  "
d(H-D)=    3.55 +-  0.00 #hb=    1  atoms "A   -44  -LYS -CD  " and "B   -1   -P3Y -C18 "
d(H-D)=    3.62 +-  0.15 #hb=   20  atoms "A   -90  -PHE -CD1 " and "B   -1   -P3Y -C2  "
d(H-D)=    3.58 +-  0.11 #hb=   18  atoms "A   -90  -PHE -CE1 " and "B   -1   -P3Y -C2  "
d(H-D)=    3.82 +-  0.00 #hb=    1  atoms "A   -90  -PHE -CE1 " and "B   -1   -P3Y -C29 "
d(H-D)=    3.67 +-  0.14 #hb=   18  atoms "A   -90  -PHE -CE1 " and "B   -1   -P3Y -C41 "
d(H-D)=    3.78 +-  0.11 #hb=    8  atoms "A   -90  -PHE -CE2 " and "B   -1   -P3Y -C41 "
d(H-D)=    3.26 +-  0.08 #hb=   20  atoms "A   -90  -PHE -CZ  " and "B   -1   -P3Y -C41 "
d(H-D)=    3.76 +-  0.11 #hb=    7  atoms "A   -93  -TYR -C   " and "B   -1   -P3Y -C41 "
d(H-D)=    3.81 +-  0.05 #hb=    8  atoms "A   -94  -GLY -CA  " and "B   -1   -P3Y -C24 "
d(H-D)=    3.86 +-  0.03 #hb=    6  atoms "A   -94  -GLY -CA  " and "B   -1   -P3Y -C27 "
d(H-D)=    3.52 +-  0.15 #hb=   20  atoms "A   -94  -GLY -CA  " and "B   -1   -P3Y -C28 "
d(H-D)=    3.47 +-  0.12 #hb=   20  atoms "A   -94  -GLY -CA  " and "B   -1   -P3Y -C29 "
d(H-D)=    3.72 +-  0.10 #hb=   10  atoms "A   -94  -GLY -CA  " and "B   -1   -P3Y -C33 "
d(H-D)=    3.58 +-  0.15 #hb=   19  atoms "A   -94  -GLY -CA  " and "B   -1   -P3Y -C41 "
