Ligand Mode ON
Loaded 20 structures
Using complex_2w.pdb as reference
Read 2 chains from reference file: AB
^.{21}A
0 0
Checking chain lengths: WARNING!! Chains have different lengths! (B:1 != A:246)
You main run into problems later on...
OK!
Generating ZONE definitions..
Defined 1 zone(s)
ZONE CLEAR \n ZONE A* \n FIT \nRZONE B*\n
ProFit> RMS: 0.000
1
ProFit> RMS: 0.349
1
ProFit> RMS: 0.272
1
ProFit> RMS: 0.284
1
ProFit> RMS: 0.187
1
ProFit> RMS: 0.284
1
ProFit> RMS: 0.293
1
ProFit> RMS: 0.266
1
ProFit> RMS: 0.234
1
ProFit> RMS: 0.164
1
ProFit> RMS: 0.234
1
ProFit> RMS: 0.279
1
ProFit> RMS: 0.353
1
ProFit> RMS: 0.252
1
ProFit> RMS: 0.254
1
ProFit> RMS: 0.256
1
ProFit> RMS: 0.269
1
ProFit> RMS: 0.230
1
ProFit> RMS: 0.230
1
ProFit> RMS: 0.387
1

