Interface Mode ON
Loaded 20 structures
Using complex_20w.pdb as reference
Read 2 chains from contacts file: AB
Checking chain lengths: WARNING!! Chains have different lengths! (B:1 != A:294)
You main run into problems later on...
OK!
Generating ZONE definitions..
Defined 1 zone(s)
ZONE CLEAR \n ZONE A.9-A.9:A.9-A.9 ZONE A.10-A.10:A.10-A.10 ZONE A.11-A.11:A.11-A.11 ZONE A.12-A.12:A.12-A.12 ZONE A.13-A.13:A.13-A.13 ZONE A.14-A.14:A.14-A.14 ZONE A.15-A.15:A.15-A.15 ZONE A.16-A.16:A.16-A.16 ZONE A.17-A.17:A.17-A.17 ZONE A.18-A.18:A.18-A.18 ZONE A.19-A.19:A.19-A.19 ZONE A.20-A.20:A.20-A.20 ZONE A.21-A.21:A.21-A.21 ZONE A.22-A.22:A.22-A.22 ZONE A.30-A.30:A.30-A.30 ZONE A.31-A.31:A.31-A.31 ZONE A.32-A.32:A.32-A.32 ZONE A.33-A.33:A.33-A.33 ZONE A.34-A.34:A.34-A.34 ZONE A.35-A.35:A.35-A.35 ZONE A.52-A.52:A.52-A.52 ZONE A.56-A.56:A.56-A.56 ZONE A.64-A.64:A.64-A.64 ZONE A.65-A.65:A.65-A.65 ZONE A.66-A.66:A.66-A.66 ZONE A.67-A.67:A.67-A.67 ZONE A.68-A.68:A.68-A.68 ZONE A.79-A.79:A.79-A.79 ZONE A.80-A.80:A.80-A.80 ZONE A.81-A.81:A.81-A.81 ZONE A.82-A.82:A.82-A.82 ZONE A.83-A.83:A.83-A.83 ZONE A.84-A.84:A.84-A.84 ZONE A.85-A.85:A.85-A.85 ZONE A.86-A.86:A.86-A.86 ZONE A.87-A.87:A.87-A.87 ZONE A.88-A.88:A.88-A.88 ZONE A.89-A.89:A.89-A.89 ZONE A.90-A.90:A.90-A.90 ZONE A.91-A.91:A.91-A.91 ZONE A.92-A.92:A.92-A.92 ZONE A.93-A.93:A.93-A.93 ZONE A.94-A.94:A.94-A.94 ZONE A.126-A.126:A.126-A.126 ZONE A.128-A.128:A.128-A.128 ZONE A.129-A.129:A.129-A.129 ZONE A.130-A.130:A.130-A.130 ZONE A.131-A.131:A.131-A.131 ZONE A.132-A.132:A.132-A.132 ZONE A.133-A.133:A.133-A.133 ZONE A.134-A.134:A.134-A.134 ZONE A.135-A.135:A.135-A.135 ZONE A.136-A.136:A.136-A.136 ZONE A.137-A.137:A.137-A.137 ZONE A.143-A.143:A.143-A.143 ZONE A.144-A.144:A.144-A.144 ZONE A.145-A.145:A.145-A.145 ZONE A.146-A.146:A.146-A.146 ZONE A.147-A.147:A.147-A.147 ZONE A.148-A.148:A.148-A.148 ZONE A.149-A.149:A.149-A.149 ZONE A.166-A.166:A.166-A.166 ZONE A.298-A.298:A.298-A.298\n ZONE B.1-B.1:B.1-B.1\n FIT
RMS: 0.000
1
RMS: 0.364
1
RMS: 0.362
1
RMS: 0.360
1
RMS: 0.395
1
RMS: 0.373
1
RMS: 0.384
1
RMS: 0.416
1
RMS: 0.384
1
RMS: 0.419
1
RMS: 0.466
1
RMS: 0.381
1
RMS: 0.463
1
RMS: 0.455
1
RMS: 0.372
1
RMS: 0.317
1
RMS: 0.317
1
RMS: 0.433
1
RMS: 0.447
1
RMS: 0.379
1

