Ligand Mode ON
Loaded 20 structures
Using complex_17w.pdb as reference
Read 2 chains from reference file: AB
^.{21}A
0 0
Checking chain lengths: WARNING!! Chains have different lengths! (B:1 != A:266)
You main run into problems later on...
OK!
Generating ZONE definitions..
Defined 1 zone(s)
ZONE CLEAR \n ZONE A* \n FIT \nRZONE B*\n
ProFit> RMS: 0.000
1
ProFit> RMS: 0.332
1
ProFit> RMS: 0.363
1
ProFit> RMS: 0.531
1
ProFit> RMS: 0.267
1
ProFit> RMS: 0.290
1
ProFit> RMS: 0.233
1
ProFit> RMS: 0.434
1
ProFit> RMS: 0.338
1
ProFit> RMS: 0.301
1
ProFit> RMS: 0.191
1
ProFit> RMS: 0.406
1
ProFit> RMS: 0.316
1
ProFit> RMS: 0.338
1
ProFit> RMS: 0.363
1
ProFit> RMS: 0.302
1
ProFit> RMS: 0.278
1
ProFit> RMS: 0.318
1
ProFit> RMS: 0.438
1
ProFit> RMS: 0.138
1

