d(H-D)=    3.65 +-  0.00 #hb=   20  atoms "A   -100 -PHE -C   " and "B   -1   -5Q4 -C4  "
d(H-D)=    3.42 +-   nan #hb=   20  atoms "A   -101 -GLY -CA  " and "B   -1   -5Q4 -C10 "
d(H-D)=    3.73 +-   nan #hb=   20  atoms "A   -101 -GLY -CA  " and "B   -1   -5Q4 -C11 "
d(H-D)=    3.81 +-   nan #hb=   20  atoms "A   -101 -GLY -CA  " and "B   -1   -5Q4 -C8  "
d(H-D)=    3.46 +-   nan #hb=   20  atoms "A   -101 -GLY -CA  " and "B   -1   -5Q4 -C9  "
d(H-D)=    3.56 +-  0.00 #hb=   20  atoms "A   -149 -LEU -CD1 " and "B   -1   -5Q4 -C18 "
d(H-D)=    3.28 +-  0.00 #hb=   20  atoms "A   -149 -LEU -CD1 " and "B   -1   -5Q4 -C19 "
d(H-D)=    3.44 +-  0.00 #hb=   20  atoms "A   -149 -LEU -CD1 " and "B   -1   -5Q4 -C20 "
d(H-D)=    3.89 +-   nan #hb=   20  atoms "A   -149 -LEU -CD2 " and "B   -1   -5Q4 -C15 "
d(H-D)=    3.76 +-  0.00 #hb=   20  atoms "A   -149 -LEU -CD2 " and "B   -1   -5Q4 -C17 "
d(H-D)=    3.58 +-  0.00 #hb=   20  atoms "A   -149 -LEU -CD2 " and "B   -1   -5Q4 -C18 "
d(H-D)=    3.80 +-   nan #hb=   20  atoms "A   -159 -THR -CG2 " and "B   -1   -5Q4 -C28 "
d(H-D)=    3.79 +-   nan #hb=   20  atoms "A   -23  -LEU -CD1 " and "B   -1   -5Q4 -C11 "
d(H-D)=    3.88 +-   nan #hb=   20  atoms "A   -23  -LEU -CD1 " and "B   -1   -5Q4 -C12 "
d(H-D)=    3.74 +-  0.00 #hb=   20  atoms "A   -23  -LEU -CD2 " and "B   -1   -5Q4 -C12 "
d(H-D)=    3.68 +-  0.00 #hb=   20  atoms "A   -23  -LEU -CD2 " and "B   -1   -5Q4 -C13 "
d(H-D)=    3.50 +-   nan #hb=   20  atoms "A   -48  -ALA -CB  " and "B   -1   -5Q4 -C23 "
d(H-D)=    3.44 +-   nan #hb=   20  atoms "A   -95  -THR -CG2 " and "B   -1   -5Q4 -C20 "
d(H-D)=    3.87 +-   nan #hb=   20  atoms "A   -98  -MET -C   " and "B   -1   -5Q4 -C12 "
d(H-D)=    3.79 +-   nan #hb=   20  atoms "A   -99  -PRO -C   " and "B   -1   -5Q4 -C13 "
