
##############################################################################
#                                                                            #
# Starting HADDOCK                                                           #
#                                                                            #
#         N-components version of HADDOCK (current maximum is 6)             #
#                                                                            #
#   Copyright 2003-2015 Alexandre Bonvin, Utrecht University.                #
#   Originally adapted from Aria 1.2 from Nilges and Linge, EMBL.            #
#   All rights reserved.                                                     #
#   This code is part of the HADDOCK software and governed by its            #
#   license. Please see the LICENSE file that should have been included      #
#   as part of this package.                                                 #
#                                                                            #
##############################################################################
    
Starting HADDOCK on: 2019-12-29 00:46:36
 
HADDOCK version:   2.2
Python version: 2.7.2 (default, Apr  4 2012, 13:50:40) 
[GCC 4.1.2 20080704 (Red Hat 4.1.2-51)]
PYTHONPATH system variable contains:
['/home/enmr/software/haddock2.2-grid/Haddock', '/home/software/software/python2.7/lib/python2.7/site-packages/setuptools-0.9.8-py2.7.egg', '/home/software/software/python2.7/lib/python2.7/site-packages/argparse-1.2.1-py2.7.egg', '/home/software/software/python2.7/lib/python2.7/site-packages/recaptcha-1.0rc1-py2.7.egg', '/home/enmr/services-enmr/HADDOCK2.2/server/run/userrun000128/run1', '/home/software/software/modeller_v9.11/lib/x86_64-intel8', '/home/software/software/modeller_v9.11/modlib', '/home/software/software/numpy_stable/lib/python', '/home/software/software/scipy/lib/python', '/home/software/software/biopython/build/lib.linux-x86_64-2.7', '/home/software/software/nose/lib/python', '/home/enmr/services/HADDOCK/spyder', '/home/software/software/moderna_source_1.7.1/build/lib', '/home/software/software/cython/build/lib.linux-x86_64-2.7', '/home/software/software/matplotlib/lib/python2.7/site-packages', '/home/enmr/software/haddock2.2-grid', '/home/software/software/python2.7/lib/python27.zip', '/home/software/software/python2.7/lib/python2.7', '/home/software/software/python2.7/lib/python2.7/plat-linux2', '/home/software/software/python2.7/lib/python2.7/lib-tk', '/home/software/software/python2.7/lib/python2.7/lib-old', '/home/software/software/python2.7/lib/python2.7/lib-dynload', '/home/enmr/.local/lib/python2.7/site-packages', '/home/software/software/python2.7/lib/python2.7/site-packages']
parsing run.cns file
parsing new.html in /home/enmr/services-enmr/HADDOCK2.2/server/run/userrun000128/run1/data
reading parameters from the file /home/enmr/services-enmr/HADDOCK2.2/server/run/userrun000128/run1/data/new.html
  setting some variables:
  submit_save set to: Save updated parameters
  N_COMP set to: 2
  UNAMBIG_TBL set to: unambig.tbl
  HADDOCK_DIR set to: /home/enmr/software/haddock2.2-grid
  RUN_NUMBER set to: 1
  PROT_SEGID_2 set to: B
  PROT_SEGID_1 set to: A
  PDB_FILE1 set to: protein1.pdb
  AMBIG_TBL set to: ambig.tbl
  PROJECT_DIR set to: /home/enmr/services-enmr/HADDOCK2.2/server/run/userrun000128
  PDB_FILE2 set to: protein2.pdb
submit_save Save updated parameters
N_COMP 2
UNAMBIG_TBL unambig.tbl
HADDOCK_DIR /home/enmr/software/haddock2.2-grid
RUN_NUMBER 1
PROT_SEGID_2 B
PROT_SEGID_1 A
PDB_FILE1 protein1.pdb
AMBIG_TBL ambig.tbl
PROJECT_DIR /home/enmr/services-enmr/HADDOCK2.2/server/run/userrun000128
PDB_FILE2 protein2.pdb
looking for existing files
waterdock false
generating PSF and PDB file of protein A with the command:
      queue command:
      /home/enmr/software/bin/ssub haddock complex_run1_generate_A.job
generating PSF and PDB file of protein B with the command:
      queue command:
       waiting for the psf files...
 /home/enmr/software/bin/ssub haddock complex_run1_generate_B.job
9514738.milou.cm.cluster

9514737.milou.cm.cluster

merging topologies and coordinates files with the command:
      queue command:
      /home/enmr/software/bin/ssub haddock complex_run1_generate_complex.job
  waiting for the merged files...
9514739.milou.cm.cluster

looking for iteration 0
working on iteration 0
starting DOCKING protocol 
    calculating structure 1
    calculating structure 2
    calculating structure 3
    calculating structure 4
    calculating structure 5
    calculating structure 6
    calculating structure 7
    calculating structure 8
    calculating structure 9
    calculating structure 10
    calculating structure 11
    calculating structure 12
    calculating structure 13
    calculating structure 14
    calculating structure 15
    calculating structure 16
    calculating structure 17
    calculating structure 18
    calculating structure 19
    calculating structure 20
      queue command:
      /home/diracegi/grid/diracsubmit-haddock2.2 packages/package_it0_1.tar.gz
 
------------------------------------------------------------
Structure    1: running
Structure    2: running
Structure    3: running
Structure    4: running
Structure    5: running
Structure    6: running
Structure    7: running
Structure    8: running
Structure    9: running
Structure   10: running
Structure   11: running
Structure   12: running
Structure   13: running
Structure   14: running
Structure   15: running
Structure   16: running
Structure   17: running
Structure   18: running
Structure   19: running
Structure   20: running
------------------------------------------------------------

------------------------------------------------------------
------------------------------------------------------------

    creating file.list in /home/enmr/services-enmr/HADDOCK2.2/server/run/userrun000128/run1/structures/it0
    creating file.nam in /home/enmr/services-enmr/HADDOCK2.2/server/run/userrun000128/run1/structures/it0
    creating file.cns in /home/enmr/services-enmr/HADDOCK2.2/server/run/userrun000128/run1/structures/it0
looking for iteration 1
working on iteration 1
starting DOCKING protocol 
    calculating structure 1
    calculating structure 2
    calculating structure 3
      queue command:
      /home/diracegi/grid/diracsubmit-haddock2.2 packages/package_it1_1.tar.gz
    calculating structure 4
    calculating structure 5
      queue command:
      /home/diracegi/grid/diracsubmit-haddock2.2 packages/package_it1_2.tar.gz
    calculating structure 6
    calculating structure 7
      queue command:
      /home/diracegi/grid/diracsubmit-haddock2.2 packages/package_it1_3.tar.gz
 
    calculating structure 8
    calculating structure 9
      queue command:
      /home/diracegi/grid/diracsubmit-haddock2.2 packages/package_it1_4.tar.gz
    calculating structure 10
 
      queue command:
      /home/diracegi/grid/diracsubmit-haddock2.2 packages/package_it1_5.tar.gz
    calculating structure 11
    calculating structure 12
 
    calculating structure 13
      queue command:
      /home/diracegi/grid/diracsubmit-haddock2.2 packages/package_it1_6.tar.gz
 
    calculating structure 14
 
      queue command:
      /home/diracegi/grid/diracsubmit-haddock2.2 packages/package_it1_7.tar.gz
    calculating structure 15
    calculating structure 16
 
 
      queue command:
      /home/diracegi/grid/diracsubmit-haddock2.2 packages/package_it1_8.tar.gz
    calculating structure 17
    calculating structure 18
      queue command:
      /home/diracegi/grid/diracsubmit-haddock2.2 packages/package_it1_9.tar.gz
    calculating structure 19
    calculating structure 20
 
 
      queue command:
      /home/diracegi/grid/diracsubmit-haddock2.2 packages/package_it1_10.tar.gz
 
------------------------------------------------------------
Structure    1: running
Structure    2: running
Structure    3: running
Structure    4: running
Structure    5: running
Structure    6: running
Structure    7: running
Structure    8: running
Structure    9: running
Structure   10: running
Structure   11: running
Structure   12: running
Structure   13: running
Structure   14: running
Structure   15: running
Structure   16: running
Structure   17: running
Structure   18: running
Structure   19: running
Structure   20: running
------------------------------------------------------------

------------------------------------------------------------
Structure    1: running
Structure    2: running
Structure    3: running
Structure    4: running
Structure    5: running
Structure    6: running
Structure    7: running
Structure    8: running
Structure    9: running
Structure   10: running
Structure   11: running
Structure   12: running
Structure   13: running
Structure   14: running
Structure   15: running
Structure   16: running
Structure   17: running
Structure   18: running
------------------------------------------------------------

------------------------------------------------------------
Structure    1: running
Structure    2: running
Structure    3: running
Structure    4: running
Structure    7: running
Structure    8: running
Structure    9: running
Structure   10: running
Structure   11: running
Structure   12: running
Structure   13: running
Structure   14: running
Structure   15: running
Structure   16: running
Structure   17: running
Structure   18: running
------------------------------------------------------------

------------------------------------------------------------
Structure    1: running
Structure    2: running
Structure    3: running
Structure    4: running
Structure    7: running
Structure    8: running
Structure   11: running
Structure   12: running
Structure   13: running
Structure   14: running
Structure   15: running
Structure   16: running
Structure   17: running
Structure   18: running
------------------------------------------------------------

------------------------------------------------------------
Structure    1: running
Structure    2: running
Structure    3: running
Structure    4: running
Structure    7: running
Structure    8: running
Structure   11: running
Structure   12: running
Structure   13: running
Structure   14: running
Structure   17: running
Structure   18: running
------------------------------------------------------------

------------------------------------------------------------
Structure    1: running
Structure    2: running
Structure    3: running
Structure    4: running
Structure    7: running
Structure    8: running
Structure   11: running
Structure   12: running
Structure   17: running
Structure   18: running
------------------------------------------------------------

------------------------------------------------------------
Structure    3: running
Structure    4: running
Structure    7: running
Structure    8: running
Structure   11: running
Structure   12: running
Structure   17: running
Structure   18: running
------------------------------------------------------------

------------------------------------------------------------
Structure    7: running
Structure    8: running
Structure   11: running
Structure   12: running
Structure   17: running
Structure   18: running
------------------------------------------------------------

------------------------------------------------------------
Structure    7: running
Structure    8: running
Structure   17: running
Structure   18: running
------------------------------------------------------------

------------------------------------------------------------
------------------------------------------------------------

    creating file.list in /home/enmr/services-enmr/HADDOCK2.2/server/run/userrun000128/run1/structures/it1
    creating file.nam in /home/enmr/services-enmr/HADDOCK2.2/server/run/userrun000128/run1/structures/it1
    creating file.cns in /home/enmr/services-enmr/HADDOCK2.2/server/run/userrun000128/run1/structures/it1
starting analysis scripts for /home/enmr/services-enmr/HADDOCK2.2/server/run/userrun000128/run1/structures/it1
  calculating average structure and similarity matrices
      queue command:
       waiting for the average structure...
 /home/enmr/software/bin/ssub haddock complex_run1_get_average.job
9515038.milou.cm.cluster

      queue command:
      /home/enmr/software/bin/ssub haddock complex_run1_fcc_matrix.job
  running analysis scripts:
9515043.milou.cm.cluster

    analyzing NOEs
      queue command:
      /home/enmr/software/bin/ssub haddock complex_run1_print_noes.job
9515046.milou.cm.cluster

    calculating residue-based intermolecular energies
      queue command:
      /home/enmr/software/bin/ssub haddock complex_run1_ene-residue.job
9515049.milou.cm.cluster

    calculating energies
      queue command:
      /home/enmr/software/bin/ssub haddock complex_run1_energy.job
9515050.milou.cm.cluster

    calculating desolvation energy
      queue command:
      /home/enmr/software/bin/ssub haddock complex_run1_edesolv.job
9515051.milou.cm.cluster

    analyzing geometry
      queue command:
      /home/enmr/software/bin/ssub haddock complex_run1_print_geom.job
9515052.milou.cm.cluster

    analyzing dihedrals
      queue command:
      /home/enmr/software/bin/ssub haddock complex_run1_print_dih.job
9515054.milou.cm.cluster

    analyzing radius of gyration
      queue command:
      /home/enmr/software/bin/ssub haddock complex_run1_print_rg.job
9515059.milou.cm.cluster

    analyzing residual dipolar coupling (SANI)
      queue command:
      /home/enmr/software/bin/ssub haddock complex_run1_print_sani.job
9515060.milou.cm.cluster

    analyzing residual dipolar coupling (VEAN)
      queue command:
      /home/enmr/software/bin/ssub haddock complex_run1_print_vean.job
9515063.milou.cm.cluster

    analyzing residual dipolar coupling (XRDC)
      queue command:
      /home/enmr/software/bin/ssub haddock complex_run1_print_xrdc.job
9515066.milou.cm.cluster

    analyzing pseudo contact shifts (XPCS)
      queue command:
      /home/enmr/software/bin/ssub haddock complex_run1_print_xpcs.job
9515068.milou.cm.cluster

    analyzing diffusion anisotropy restraints (DANI)
      queue command:
      /home/enmr/software/bin/ssub haddock complex_run1_print_dani.job
9515071.milou.cm.cluster

    analyzing intermolecular hydrogen bonds
      queue command:
      /home/enmr/software/bin/ssub haddock complex_run1_print_hbonds.job
9515073.milou.cm.cluster

    analyzing intermolecular hydrophobic contacts
  waiting for the dihedral analysis file...
      queue command:
      /home/enmr/software/bin/ssub haddock complex_run1_print_nb.job
    checking dihedral angle restraints violations in /home/enmr/services-enmr/HADDOCK2.2/server/run/userrun000128/run1/structures/it1/analysis/
        check ana_dihed_viol.lis for a listing
  waiting for the H-bonds analysis file...
    checking intermolecular hydrogen bonds /home/enmr/services-enmr/HADDOCK2.2/server/run/userrun000128/run1/structures/it1/analysis/
        check ana_hbonds.lis for a listing
9515076.milou.cm.cluster

  waiting for the hydrophobic analysis file...
Error in hydrophobic contact analysis, SKIPPED
    starting water refinement for the 20 best structures regarding energy
starting DOCKING protocol 
    calculating structure 1
    calculating structure 2
      queue command:
      /home/diracegi/grid/diracsubmit-haddock2.2 packages/package_water_1.tar.gz
    calculating structure 3
    calculating structure 4
      queue command:
      /home/diracegi/grid/diracsubmit-haddock2.2 packages/package_water_2.tar.gz
    calculating structure 5
    calculating structure 6
 
      queue command:
      /home/diracegi/grid/diracsubmit-haddock2.2 packages/package_water_3.tar.gz
    calculating structure 7
    calculating structure 8
 
      queue command:
      /home/diracegi/grid/diracsubmit-haddock2.2 packages/package_water_4.tar.gz
    calculating structure 9
    calculating structure 10
 
      queue command:
      /home/diracegi/grid/diracsubmit-haddock2.2 packages/package_water_5.tar.gz
    calculating structure 11
    calculating structure 12
 
 
      queue command:
      /home/diracegi/grid/diracsubmit-haddock2.2 packages/package_water_6.tar.gz
    calculating structure 13
    calculating structure 14
 
      queue command:
      /home/diracegi/grid/diracsubmit-haddock2.2 packages/package_water_7.tar.gz
    calculating structure 15
 
    calculating structure 16
      queue command:
      /home/diracegi/grid/diracsubmit-haddock2.2 packages/package_water_8.tar.gz
    calculating structure 17
    calculating structure 18
      queue command:
      /home/diracegi/grid/diracsubmit-haddock2.2 packages/package_water_9.tar.gz
    calculating structure 19
    calculating structure 20
 
 
      queue command:
      /home/diracegi/grid/diracsubmit-haddock2.2 packages/package_water_10.tar.gz
 
------------------------------------------------------------
Structure    1   19: running
Structure    2   20: running
Structure    3    5: running
Structure    4    6: running
Structure    5    9: running
Structure    6   10: running
Structure    7   15: running
Structure    8   16: running
Structure    9   13: running
Structure   10   14: running
Structure   11    1: running
Structure   12    2: running
Structure   13    3: running
Structure   14    4: running
Structure   15   11: running
Structure   16   12: running
Structure   17    7: running
Structure   18    8: running
Structure   19   17: running
Structure   20   18: running
------------------------------------------------------------

------------------------------------------------------------
Structure    1   19: running
Structure    2   20: running
Structure    5    9: running
Structure    6   10: running
Structure    7   15: running
Structure    8   16: running
Structure   11    1: running
Structure   12    2: running
Structure   15   11: running
Structure   16   12: running
Structure   17    7: running
Structure   18    8: running
Structure   19   17: running
Structure   20   18: running
------------------------------------------------------------

------------------------------------------------------------
Structure    1   19: running
Structure    2   20: running
Structure   11    1: running
Structure   12    2: running
Structure   17    7: running
Structure   18    8: running
Structure   19   17: running
Structure   20   18: running
------------------------------------------------------------

------------------------------------------------------------
Structure   11    1: running
Structure   12    2: running
Structure   17    7: running
Structure   18    8: running
Structure   19   17: running
Structure   20   18: running
------------------------------------------------------------

------------------------------------------------------------
Structure   17    7: running
Structure   18    8: running
Structure   19   17: running
Structure   20   18: running
------------------------------------------------------------

------------------------------------------------------------
Structure   17    7: running
Structure   18    8: running
------------------------------------------------------------

------------------------------------------------------------
------------------------------------------------------------

+ BEGIN: Sun Dec 29 01:31:23 2019
+ Read 20x20 distance matrix in 0 seconds
+ Writing 1 Clusters
+ Coverage 100.00% (20/20)
+ END: Sun Dec 29 01:31:23 2019 [0.00 seconds]
    creating file.list in /home/enmr/services-enmr/HADDOCK2.2/server/run/userrun000128/run1/structures/it1/water
    creating file.nam in /home/enmr/services-enmr/HADDOCK2.2/server/run/userrun000128/run1/structures/it1/water
    creating file.cns in /home/enmr/services-enmr/HADDOCK2.2/server/run/userrun000128/run1/structures/it1/water
starting analysis scripts for /home/enmr/services-enmr/HADDOCK2.2/server/run/userrun000128/run1/structures/it1/water
  calculating average structure and similarity matrices
      queue command:
      /home/enmr/software/bin/ssub haddock complex_run1_get_average.job
  waiting for the average structure...
9515191.milou.cm.cluster

  running analysis scripts:
      queue command:
      /home/enmr/software/bin/ssub haddock complex_run1_fcc_matrix-water.job
9515196.milou.cm.cluster

    analyzing NOEs
      queue command:
      /home/enmr/software/bin/ssub haddock complex_run1_print_noes-water.job
9515198.milou.cm.cluster

    calculating residue-based intermolecular energies
      queue command:
      /home/enmr/software/bin/ssub haddock complex_run1_ene-residue-water.job
9515200.milou.cm.cluster

    calculating energies
      queue command:
      /home/enmr/software/bin/ssub haddock complex_run1_energy-water.job
9515203.milou.cm.cluster

    calculating desolvation energy
      queue command:
      /home/enmr/software/bin/ssub haddock complex_run1_edesolv-water.job
9515206.milou.cm.cluster

    analyzing geometry
      queue command:
      /home/enmr/software/bin/ssub haddock complex_run1_print_geom-water.job
9515208.milou.cm.cluster

    analyzing dihedrals
      queue command:
      /home/enmr/software/bin/ssub haddock complex_run1_print_dih-water.job
9515210.milou.cm.cluster

    analyzing radius of gyration
      queue command:
      /home/enmr/software/bin/ssub haddock complex_run1_print_rg-water.job
9515213.milou.cm.cluster

    analyzing residual dipolar coupling (SANI)
      queue command:
      /home/enmr/software/bin/ssub haddock complex_run1_print_sani-water.job
9515215.milou.cm.cluster

    analyzing residual dipolar coupling (VEAN)
      queue command:
      /home/enmr/software/bin/ssub haddock complex_run1_print_vean-water.job
9515218.milou.cm.cluster

    analyzing residual dipolar coupling (XRDC)
      queue command:
      /home/enmr/software/bin/ssub haddock complex_run1_print_xrdc-water.job
9515220.milou.cm.cluster

    analyzing pseudo contact shifts (XPCS)
      queue command:
      /home/enmr/software/bin/ssub haddock complex_run1_print_xpcs-water.job
9515223.milou.cm.cluster

    analyzing diffusion anisotropy restraints (DANI)
      queue command:
      /home/enmr/software/bin/ssub haddock complex_run1_print_dani-water.job
9515225.milou.cm.cluster

    analyzing intermolecular hydrogen bonds
      queue command:
      /home/enmr/software/bin/ssub haddock complex_run1_print_hbonds-water.job
9515227.milou.cm.cluster

    analyzing intermolecular hydrophobic contacts
      queue command:
       waiting for the dihedral analysis file...
 /home/enmr/software/bin/ssub haddock complex_run1_print_nb-water.job
    checking dihedral angle restraints violations in /home/enmr/services-enmr/HADDOCK2.2/server/run/userrun000128/run1/structures/it1/water/analysis/
        check ana_dihed_viol.lis for a listing
  waiting for the H-bonds analysis file...
    checking intermolecular hydrogen bonds /home/enmr/services-enmr/HADDOCK2.2/server/run/userrun000128/run1/structures/it1/water/analysis/
        check ana_hbonds.lis for a listing
  waiting for the hydrophobic analysis file...
Error in hydrophobic contact analysis, SKIPPED
  waiting for the matrix file in it1/analysis...
  matrix file in it1/analysis is found
  running clustering for it1/
  Clustering in  /home/enmr/services-enmr/HADDOCK2.2/server/run/userrun000128/run1/structures/it1/analysis  DONE
  Check file  /home/enmr/services-enmr/HADDOCK2.2/server/run/userrun000128/run1/structures/it1/analysis /cluster.out
  waiting for the ene-residue file in it1/analysis...
  ene-residue file in it1/analysis is found
9515230.milou.cm.cluster+ BEGIN: Sun Dec 29 01:31:24 2019
+ Read 20x20 distance matrix in 0 seconds
+ Writing 1 Clusters
+ Coverage 100.00% (20/20)
+ END: Sun Dec 29 01:31:24 2019 [0.00 seconds]
 Cleaning up HADDOCK run directory 


  waiting for the matrix file in water/analysis...
  matrix file in water/analysis is found
  running clustering for it1/water
  Clustering in  /home/enmr/services-enmr/HADDOCK2.2/server/run/userrun000128/run1/structures/it1/water/analysis  DONE
  Check file  /home/enmr/services-enmr/HADDOCK2.2/server/run/userrun000128/run1/structures/it1/water/analysis /cluster.out
  waiting for the ene-residue file in it1/water/analysis...
  ene-residue file in it1/water/analysis is found
  Now compressing the output files...
  Cleaning up the run directory ... 
##############################################################################
Finishing HADDOCK on:  2019-12-29 01:31:24
Au revoir.
Tot ziens.
Bye bye.

##############################################################################
#                                                                            #
# Starting HADDOCK                                                           #
#                                                                            #
#         N-components version of HADDOCK (current maximum is 6)             #
#                                                                            #
#   Copyright 2003-2015 Alexandre Bonvin, Utrecht University.                #
#   Originally adapted from Aria 1.2 from Nilges and Linge, EMBL.            #
#   All rights reserved.                                                     #
#   This code is part of the HADDOCK software and governed by its            #
#   license. Please see the LICENSE file that should have been included      #
#   as part of this package.                                                 #
#                                                                            #
##############################################################################
    
Starting HADDOCK on: 2019-12-29 01:31:24
 
HADDOCK version:   2.2
Python version: 2.7.2 (default, Apr  4 2012, 13:50:40) 
[GCC 4.1.2 20080704 (Red Hat 4.1.2-51)]
PYTHONPATH system variable contains:
['/home/enmr/software/haddock2.2-grid/Haddock', '/home/software/software/python2.7/lib/python2.7/site-packages/setuptools-0.9.8-py2.7.egg', '/home/software/software/python2.7/lib/python2.7/site-packages/argparse-1.2.1-py2.7.egg', '/home/software/software/python2.7/lib/python2.7/site-packages/recaptcha-1.0rc1-py2.7.egg', '/home/enmr/services-enmr/HADDOCK2.2/server/run/userrun000128/run1', '/home/software/software/modeller_v9.11/lib/x86_64-intel8', '/home/software/software/modeller_v9.11/modlib', '/home/software/software/numpy_stable/lib/python', '/home/software/software/scipy/lib/python', '/home/software/software/biopython/build/lib.linux-x86_64-2.7', '/home/software/software/nose/lib/python', '/home/enmr/services/HADDOCK/spyder', '/home/software/software/moderna_source_1.7.1/build/lib', '/home/software/software/cython/build/lib.linux-x86_64-2.7', '/home/software/software/matplotlib/lib/python2.7/site-packages', '/home/enmr/software/haddock2.2-grid', '/home/software/software/python2.7/lib/python27.zip', '/home/software/software/python2.7/lib/python2.7', '/home/software/software/python2.7/lib/python2.7/plat-linux2', '/home/software/software/python2.7/lib/python2.7/lib-tk', '/home/software/software/python2.7/lib/python2.7/lib-old', '/home/software/software/python2.7/lib/python2.7/lib-dynload', '/home/enmr/.local/lib/python2.7/site-packages', '/home/software/software/python2.7/lib/python2.7/site-packages']
 Cleaning up HADDOCK run directory 
parsing run.cns file
parsing new.html in /home/enmr/services-enmr/HADDOCK2.2/server/run/userrun000128/run1/data
reading parameters from the file /home/enmr/services-enmr/HADDOCK2.2/server/run/userrun000128/run1/data/new.html
  setting some variables:
  submit_save set to: Save updated parameters
  N_COMP set to: 2
  UNAMBIG_TBL set to: unambig.tbl
  HADDOCK_DIR set to: /home/enmr/software/haddock2.2-grid
  RUN_NUMBER set to: 1
  PROT_SEGID_2 set to: B
  PROT_SEGID_1 set to: A
  PDB_FILE1 set to: protein1.pdb
  AMBIG_TBL set to: ambig.tbl
  PROJECT_DIR set to: /home/enmr/services-enmr/HADDOCK2.2/server/run/userrun000128
  PDB_FILE2 set to: protein2.pdb
submit_save Save updated parameters
N_COMP 2
UNAMBIG_TBL unambig.tbl
HADDOCK_DIR /home/enmr/software/haddock2.2-grid
RUN_NUMBER 1
PROT_SEGID_2 B
PROT_SEGID_1 A
PDB_FILE1 protein1.pdb
AMBIG_TBL ambig.tbl
PROJECT_DIR /home/enmr/services-enmr/HADDOCK2.2/server/run/userrun000128
PDB_FILE2 protein2.pdb
looking for existing files
waterdock false
  waiting for the psf files...
looking for iteration 0
file.list exists => iteration 0 finished.
looking for iteration 1
file.list exists => iteration 1 finished.
CNS analysis files in it1/analysis already exist.
To rerun the analysis delete the "DONE" file in the analysis directory.
file it1/water/file.list already exists => water refinement done.
CNS analysis files of the water refined structures already exist.
To rerun the analysis delete the "DONE" file in the analysis directory.
Cluster file in it1/analysis already exist.
To rerun the clustering delete the "CLUST_DONE" file in the analysis directory.
  waiting for the ene-residue file in it1/analysis...
  ene-residue file in it1/analysis is found
Cluster file in it1/water/analysis already exist.
To rerun the clustering delete the "CLUST_DONE" file in the analysis directory.
  waiting for the ene-residue file in it1/water/analysis...
  ene-residue file in it1/water/analysis is found
  Now compressing the output files...
  Cleaning up the run directory ... 
##############################################################################
Finishing HADDOCK on:  2019-12-29 01:31:24
Au revoir.
Tot ziens.
Bye bye.
Cleaning up HADDOCK run directory
Only  files for structure #1 will be kept...
+ BEGIN: Sun Dec 29 01:31:36 2019
+ Parsing 21 contact files
+ Calculating Matrix
+ Writing matrix to <stdout>
+ END: Sun Dec 29 01:31:36 2019 [  0.00 seconds elapsed]
mv: No match.
/home/haddockresults/8759414587/4mxo/structures/it1/water/CAPRI_analysis/../analysis//RMSD_Calc.sh: line 43: [: ==: unary operator expected
/home/haddockresults/8759414587/4mxo/structures/it1/water/CAPRI_analysis/../analysis//RMSD_Calc.sh: line 43: [: ==: unary operator expected
/home/haddockresults/8759414587/4mxo/structures/it1/water/CAPRI_analysis/../analysis//RMSD_Calc.sh: line 98: ./complex_9w.pdb: Permission denied
Loading required package: gtools
Loading required package: gdata
gdata: read.xls support for 'XLS' (Excel 97-2004) files ENABLED.

gdata: read.xls support for 'XLSX' (Excel 2007+) files ENABLED.

Attaching package: 'gdata'

The following object(s) are masked from 'package:utils':

    object.size

Loading required package: caTools
Loading required package: bitops
Loading required package: grid
Loading required package: KernSmooth
KernSmooth 2.23 loaded
Copyright M. P. Wand 1997-2009

Attaching package: 'gplots'

The following object(s) are masked from 'package:stats':

    lowess

Loading required package: gtools
Loading required package: gdata
gdata: read.xls support for 'XLS' (Excel 97-2004) files ENABLED.

gdata: read.xls support for 'XLSX' (Excel 2007+) files ENABLED.

Attaching package: 'gdata'

The following object(s) are masked from 'package:utils':

    object.size

Loading required package: caTools
Loading required package: bitops
Loading required package: grid
Loading required package: KernSmooth
KernSmooth 2.23 loaded
Copyright M. P. Wand 1997-2009

Attaching package: 'gplots'

The following object(s) are masked from 'package:stats':

    lowess

Error in plot.window(...) : need finite 'xlim' values
Calls: plot -> plot.default -> localWindow -> plot.window
Execution halted
Loading required package: gtools
Loading required package: gdata
gdata: read.xls support for 'XLS' (Excel 97-2004) files ENABLED.

gdata: read.xls support for 'XLSX' (Excel 2007+) files ENABLED.

Attaching package: 'gdata'

The following object(s) are masked from 'package:utils':

    object.size

Loading required package: caTools
Loading required package: bitops
Loading required package: grid
Loading required package: KernSmooth
KernSmooth 2.23 loaded
Copyright M. P. Wand 1997-2009

Attaching package: 'gplots'

The following object(s) are masked from 'package:stats':

    lowess

Loading required package: gtools
Loading required package: gdata
gdata: read.xls support for 'XLS' (Excel 97-2004) files ENABLED.

gdata: read.xls support for 'XLSX' (Excel 2007+) files ENABLED.

Attaching package: 'gdata'

The following object(s) are masked from 'package:utils':

    object.size

Loading required package: caTools
Loading required package: bitops
Loading required package: grid
Loading required package: KernSmooth
KernSmooth 2.23 loaded
Copyright M. P. Wand 1997-2009

Attaching package: 'gplots'

The following object(s) are masked from 'package:stats':

    lowess

Loading required package: gtools
Loading required package: gdata
gdata: read.xls support for 'XLS' (Excel 97-2004) files ENABLED.

gdata: read.xls support for 'XLSX' (Excel 2007+) files ENABLED.

Attaching package: 'gdata'

The following object(s) are masked from 'package:utils':

    object.size

Loading required package: caTools
Loading required package: bitops
Loading required package: grid
Loading required package: KernSmooth
KernSmooth 2.23 loaded
Copyright M. P. Wand 1997-2009

Attaching package: 'gplots'

The following object(s) are masked from 'package:stats':

    lowess

Loading required package: gtools
Loading required package: gdata
gdata: read.xls support for 'XLS' (Excel 97-2004) files ENABLED.

gdata: read.xls support for 'XLSX' (Excel 2007+) files ENABLED.

Attaching package: 'gdata'

The following object(s) are masked from 'package:utils':

    object.size

Loading required package: caTools
Loading required package: bitops
Loading required package: grid
Loading required package: KernSmooth
KernSmooth 2.23 loaded
Copyright M. P. Wand 1997-2009

Attaching package: 'gplots'

The following object(s) are masked from 'package:stats':

    lowess

Loading required package: gtools
Loading required package: gdata
gdata: read.xls support for 'XLS' (Excel 97-2004) files ENABLED.

gdata: read.xls support for 'XLSX' (Excel 2007+) files ENABLED.

Attaching package: 'gdata'

The following object(s) are masked from 'package:utils':

    object.size

Loading required package: caTools
Loading required package: bitops
Loading required package: grid
Loading required package: KernSmooth
KernSmooth 2.23 loaded
Copyright M. P. Wand 1997-2009

Attaching package: 'gplots'

The following object(s) are masked from 'package:stats':

    lowess

Error in plot.window(...) : need finite 'xlim' values
Calls: plot -> plot.default -> localWindow -> plot.window
Execution halted
