Interface Mode ON
Loaded 20 structures
Using complex_2w.pdb as reference
Read 2 chains from contacts file: AB
Checking chain lengths: WARNING!! Chains have different lengths! (B:1 != A:294)
You main run into problems later on...
OK!
Generating ZONE definitions..
Defined 1 zone(s)
ZONE CLEAR \n ZONE A.25-A.25:A.25-A.25 ZONE A.26-A.26:A.26-A.26 ZONE A.27-A.27:A.27-A.27 ZONE A.28-A.28:A.28-A.28 ZONE A.29-A.29:A.29-A.29 ZONE A.33-A.33:A.33-A.33 ZONE A.34-A.34:A.34-A.34 ZONE A.35-A.35:A.35-A.35 ZONE A.36-A.36:A.36-A.36 ZONE A.37-A.37:A.37-A.37 ZONE A.38-A.38:A.38-A.38 ZONE A.53-A.53:A.53-A.53 ZONE A.54-A.54:A.54-A.54 ZONE A.55-A.55:A.55-A.55 ZONE A.56-A.56:A.56-A.56 ZONE A.57-A.57:A.57-A.57 ZONE A.58-A.58:A.58-A.58 ZONE A.71-A.71:A.71-A.71 ZONE A.74-A.74:A.74-A.74 ZONE A.78-A.78:A.78-A.78 ZONE A.87-A.87:A.87-A.87 ZONE A.88-A.88:A.88-A.88 ZONE A.89-A.89:A.89-A.89 ZONE A.90-A.90:A.90-A.90 ZONE A.91-A.91:A.91-A.91 ZONE A.102-A.102:A.102-A.102 ZONE A.103-A.103:A.103-A.103 ZONE A.104-A.104:A.104-A.104 ZONE A.105-A.105:A.105-A.105 ZONE A.106-A.106:A.106-A.106 ZONE A.107-A.107:A.107-A.107 ZONE A.108-A.108:A.108-A.108 ZONE A.109-A.109:A.109-A.109 ZONE A.110-A.110:A.110-A.110 ZONE A.111-A.111:A.111-A.111 ZONE A.112-A.112:A.112-A.112 ZONE A.113-A.113:A.113-A.113 ZONE A.114-A.114:A.114-A.114 ZONE A.115-A.115:A.115-A.115 ZONE A.118-A.118:A.118-A.118 ZONE A.119-A.119:A.119-A.119 ZONE A.134-A.134:A.134-A.134 ZONE A.135-A.135:A.135-A.135 ZONE A.164-A.164:A.164-A.164 ZONE A.169-A.169:A.169-A.169 ZONE A.170-A.170:A.170-A.170 ZONE A.171-A.171:A.171-A.171 ZONE A.172-A.172:A.172-A.172 ZONE A.173-A.173:A.173-A.173 ZONE A.174-A.174:A.174-A.174 ZONE A.175-A.175:A.175-A.175 ZONE A.176-A.176:A.176-A.176 ZONE A.181-A.181:A.181-A.181 ZONE A.182-A.182:A.182-A.182 ZONE A.183-A.183:A.183-A.183 ZONE A.184-A.184:A.184-A.184 ZONE A.185-A.185:A.185-A.185 ZONE A.186-A.186:A.186-A.186 ZONE A.187-A.187:A.187-A.187 ZONE A.201-A.201:A.201-A.201\n ZONE B.1-B.1:B.1-B.1\n FIT
RMS: 0.000
1
RMS: 0.319
1
RMS: 0.363
1
RMS: 0.400
1
RMS: 0.354
1
RMS: 0.352
1
RMS: 0.368
1
RMS: 0.331
1
RMS: 0.371
1
RMS: 0.416
1
RMS: 0.370
1
RMS: 0.324
1
RMS: 0.373
1
RMS: 0.376
1
RMS: 0.349
1
RMS: 0.355
1
RMS: 0.361
1
RMS: 0.411
1
RMS: 0.375
1
RMS: 0.343
1

