Ligand Mode ON
Loaded 20 structures
Using complex_2w.pdb as reference
Read 2 chains from reference file: AB
^.{21}A
0 0
Checking chain lengths: WARNING!! Chains have different lengths! (B:1 != A:294)
You main run into problems later on...
OK!
Generating ZONE definitions..
Defined 1 zone(s)
ZONE CLEAR \n ZONE A* \n FIT \nRZONE B*\n
ProFit> RMS: 0.000
1
ProFit> RMS: 0.350
1
ProFit> RMS: 0.328
1
ProFit> RMS: 0.335
1
ProFit> RMS: 0.335
1
ProFit> RMS: 0.286
1
ProFit> RMS: 0.298
1
ProFit> RMS: 0.186
1
ProFit> RMS: 0.390
1
ProFit> RMS: 0.280
1
ProFit> RMS: 0.248
1
ProFit> RMS: 0.286
1
ProFit> RMS: 0.312
1
ProFit> RMS: 0.346
1
ProFit> RMS: 0.276
1
ProFit> RMS: 0.418
1
ProFit> RMS: 0.314
1
ProFit> RMS: 0.360
1
ProFit> RMS: 0.233
1
ProFit> RMS: 0.287
1

