Interface Mode ON
Loaded 20 structures
Using complex_5w.pdb as reference
Read 2 chains from contacts file: AB
Checking chain lengths: WARNING!! Chains have different lengths! (B:1 != A:266)
You main run into problems later on...
OK!
Generating ZONE definitions..
Defined 1 zone(s)
ZONE CLEAR \n ZONE A.15-A.15:A.15-A.15 ZONE A.16-A.16:A.16-A.16 ZONE A.17-A.17:A.17-A.17 ZONE A.18-A.18:A.18-A.18 ZONE A.19-A.19:A.19-A.19 ZONE A.20-A.20:A.20-A.20 ZONE A.22-A.22:A.22-A.22 ZONE A.23-A.23:A.23-A.23 ZONE A.24-A.24:A.24-A.24 ZONE A.25-A.25:A.25-A.25 ZONE A.26-A.26:A.26-A.26 ZONE A.27-A.27:A.27-A.27 ZONE A.28-A.28:A.28-A.28 ZONE A.35-A.35:A.35-A.35 ZONE A.36-A.36:A.36-A.36 ZONE A.37-A.37:A.37-A.37 ZONE A.38-A.38:A.38-A.38 ZONE A.39-A.39:A.39-A.39 ZONE A.40-A.40:A.40-A.40 ZONE A.41-A.41:A.41-A.41 ZONE A.51-A.51:A.51-A.51 ZONE A.54-A.54:A.54-A.54 ZONE A.55-A.55:A.55-A.55 ZONE A.58-A.58:A.58-A.58 ZONE A.66-A.66:A.66-A.66 ZONE A.67-A.67:A.67-A.67 ZONE A.68-A.68:A.68-A.68 ZONE A.69-A.69:A.69-A.69 ZONE A.70-A.70:A.70-A.70 ZONE A.71-A.71:A.71-A.71 ZONE A.72-A.72:A.72-A.72 ZONE A.78-A.78:A.78-A.78 ZONE A.79-A.79:A.79-A.79 ZONE A.80-A.80:A.80-A.80 ZONE A.81-A.81:A.81-A.81 ZONE A.82-A.82:A.82-A.82 ZONE A.83-A.83:A.83-A.83 ZONE A.84-A.84:A.84-A.84 ZONE A.85-A.85:A.85-A.85 ZONE A.86-A.86:A.86-A.86 ZONE A.87-A.87:A.87-A.87 ZONE A.88-A.88:A.88-A.88 ZONE A.89-A.89:A.89-A.89 ZONE A.90-A.90:A.90-A.90 ZONE A.91-A.91:A.91-A.91 ZONE A.92-A.92:A.92-A.92 ZONE A.93-A.93:A.93-A.93 ZONE A.94-A.94:A.94-A.94 ZONE A.95-A.95:A.95-A.95 ZONE A.96-A.96:A.96-A.96 ZONE A.97-A.97:A.97-A.97 ZONE A.98-A.98:A.98-A.98 ZONE A.128-A.128:A.128-A.128 ZONE A.130-A.130:A.130-A.130 ZONE A.132-A.132:A.132-A.132 ZONE A.133-A.133:A.133-A.133 ZONE A.134-A.134:A.134-A.134 ZONE A.135-A.135:A.135-A.135 ZONE A.136-A.136:A.136-A.136 ZONE A.137-A.137:A.137-A.137 ZONE A.138-A.138:A.138-A.138 ZONE A.139-A.139:A.139-A.139 ZONE A.140-A.140:A.140-A.140 ZONE A.143-A.143:A.143-A.143 ZONE A.145-A.145:A.145-A.145 ZONE A.146-A.146:A.146-A.146 ZONE A.147-A.147:A.147-A.147 ZONE A.148-A.148:A.148-A.148 ZONE A.149-A.149:A.149-A.149 ZONE A.150-A.150:A.150-A.150 ZONE A.151-A.151:A.151-A.151\n ZONE B.1-B.1:B.1-B.1\n FIT
RMS: 0.000
1
RMS: 0.358
1
RMS: 0.340
1
RMS: 0.364
1
RMS: 0.379
1
RMS: 0.356
1
RMS: 0.348
1
RMS: 0.358
1
RMS: 0.322
1
RMS: 0.397
1
RMS: 0.373
1
RMS: 0.367
1
RMS: 0.371
1
RMS: 0.355
1
RMS: 0.341
1
RMS: 0.340
1
RMS: 0.330
1
RMS: 0.390
1
RMS: 0.347
1
RMS: 0.342
1

