Ligand Mode ON
Loaded 20 structures
Using complex_6w.pdb as reference
Read 2 chains from reference file: AB
^.{21}A
0 0
Checking chain lengths: WARNING!! Chains have different lengths! (B:1 != A:305)
You main run into problems later on...
OK!
Generating ZONE definitions..
Defined 1 zone(s)
ZONE CLEAR \n ZONE A* \n FIT \nRZONE B*\n
ProFit> RMS: 0.000
1
ProFit> RMS: 0.807
1
ProFit> RMS: 0.272
1
ProFit> RMS: 0.793
1
ProFit> RMS: 0.392
1
ProFit> RMS: 0.370
1
ProFit> RMS: 0.469
1
ProFit> RMS: 0.207
1
ProFit> RMS: 0.194
1
ProFit> RMS: 0.425
1
ProFit> RMS: 0.117
1
ProFit> RMS: 0.390
1
ProFit> RMS: 0.246
1
ProFit> RMS: 0.248
1
ProFit> RMS: 0.306
1
ProFit> RMS: 0.458
1
ProFit> RMS: 0.366
1
ProFit> RMS: 0.487
1
ProFit> RMS: 0.185
1
ProFit> RMS: 0.245
1

