Interface Mode ON
Loaded 20 structures
Using complex_2w.pdb as reference
Read 2 chains from contacts file: AB
Checking chain lengths: WARNING!! Chains have different lengths! (B:1 != A:297)
You main run into problems later on...
OK!
Generating ZONE definitions..
Defined 1 zone(s)
ZONE CLEAR \n ZONE A.19-A.19:A.19-A.19 ZONE A.20-A.20:A.20-A.20 ZONE A.21-A.21:A.21-A.21 ZONE A.22-A.22:A.22-A.22 ZONE A.23-A.23:A.23-A.23 ZONE A.24-A.24:A.24-A.24 ZONE A.25-A.25:A.25-A.25 ZONE A.26-A.26:A.26-A.26 ZONE A.27-A.27:A.27-A.27 ZONE A.28-A.28:A.28-A.28 ZONE A.29-A.29:A.29-A.29 ZONE A.30-A.30:A.30-A.30 ZONE A.31-A.31:A.31-A.31 ZONE A.32-A.32:A.32-A.32 ZONE A.44-A.44:A.44-A.44 ZONE A.45-A.45:A.45-A.45 ZONE A.46-A.46:A.46-A.46 ZONE A.47-A.47:A.47-A.47 ZONE A.48-A.48:A.48-A.48 ZONE A.49-A.49:A.49-A.49 ZONE A.50-A.50:A.50-A.50 ZONE A.51-A.51:A.51-A.51 ZONE A.52-A.52:A.52-A.52 ZONE A.53-A.53:A.53-A.53 ZONE A.54-A.54:A.54-A.54 ZONE A.57-A.57:A.57-A.57 ZONE A.58-A.58:A.58-A.58 ZONE A.59-A.59:A.59-A.59 ZONE A.60-A.60:A.60-A.60 ZONE A.61-A.61:A.61-A.61 ZONE A.62-A.62:A.62-A.62 ZONE A.63-A.63:A.63-A.63 ZONE A.64-A.64:A.64-A.64 ZONE A.65-A.65:A.65-A.65 ZONE A.66-A.66:A.66-A.66 ZONE A.67-A.67:A.67-A.67 ZONE A.68-A.68:A.68-A.68 ZONE A.69-A.69:A.69-A.69 ZONE A.70-A.70:A.70-A.70 ZONE A.72-A.72:A.72-A.72 ZONE A.77-A.77:A.77-A.77 ZONE A.78-A.78:A.78-A.78 ZONE A.79-A.79:A.79-A.79 ZONE A.80-A.80:A.80-A.80 ZONE A.81-A.81:A.81-A.81 ZONE A.82-A.82:A.82-A.82 ZONE A.83-A.83:A.83-A.83 ZONE A.88-A.88:A.88-A.88 ZONE A.89-A.89:A.89-A.89 ZONE A.90-A.90:A.90-A.90 ZONE A.91-A.91:A.91-A.91 ZONE A.92-A.92:A.92-A.92 ZONE A.93-A.93:A.93-A.93 ZONE A.94-A.94:A.94-A.94 ZONE A.95-A.95:A.95-A.95 ZONE A.96-A.96:A.96-A.96 ZONE A.97-A.97:A.97-A.97 ZONE A.98-A.98:A.98-A.98 ZONE A.99-A.99:A.99-A.99 ZONE A.100-A.100:A.100-A.100 ZONE A.101-A.101:A.101-A.101 ZONE A.102-A.102:A.102-A.102 ZONE A.103-A.103:A.103-A.103 ZONE A.131-A.131:A.131-A.131 ZONE A.136-A.136:A.136-A.136 ZONE A.137-A.137:A.137-A.137 ZONE A.138-A.138:A.138-A.138 ZONE A.139-A.139:A.139-A.139 ZONE A.140-A.140:A.140-A.140 ZONE A.141-A.141:A.141-A.141 ZONE A.142-A.142:A.142-A.142 ZONE A.143-A.143:A.143-A.143 ZONE A.144-A.144:A.144-A.144 ZONE A.145-A.145:A.145-A.145 ZONE A.146-A.146:A.146-A.146 ZONE A.147-A.147:A.147-A.147 ZONE A.148-A.148:A.148-A.148 ZONE A.149-A.149:A.149-A.149 ZONE A.155-A.155:A.155-A.155 ZONE A.156-A.156:A.156-A.156 ZONE A.157-A.157:A.157-A.157 ZONE A.158-A.158:A.158-A.158 ZONE A.159-A.159:A.159-A.159 ZONE A.160-A.160:A.160-A.160 ZONE A.161-A.161:A.161-A.161 ZONE A.162-A.162:A.162-A.162 ZONE A.163-A.163:A.163-A.163 ZONE A.164-A.164:A.164-A.164 ZONE A.300-A.300:A.300-A.300 ZONE A.301-A.301:A.301-A.301 ZONE A.304-A.304:A.304-A.304\n ZONE B.1-B.1:B.1-B.1\n FIT
RMS: 0.000
1
RMS: 0.387
1
RMS: 0.348
1
RMS: 0.369
1
RMS: 0.326
1
RMS: 0.333
1
RMS: 0.353
1
RMS: 0.346
1
RMS: 0.370
1
RMS: 0.334
1
RMS: 0.317
1
RMS: 0.354
1
RMS: 0.309
1
RMS: 0.360
1
RMS: 0.356
1
RMS: 0.296
1
RMS: 0.355
1
RMS: 0.358
1
RMS: 0.330
1
RMS: 0.337
1

