d(H-D)=    3.79 +-  0.00 #hb=    1  atoms "A   -100 -GLY -CA  " and "B   -1   -4ZQ -C2  "
d(H-D)=    3.75 +-  0.12 #hb=   16  atoms "A   -100 -GLY -CA  " and "B   -1   -4ZQ -C3  "
d(H-D)=    3.85 +-  0.04 #hb=    3  atoms "A   -100 -GLY -CA  " and "B   -1   -4ZQ -C5  "
d(H-D)=    3.27 +-  0.04 #hb=   20  atoms "A   -148 -LEU -CD1 " and "B   -1   -4ZQ -C19 "
d(H-D)=    3.44 +-  0.10 #hb=   20  atoms "A   -148 -LEU -CD1 " and "B   -1   -4ZQ -C20 "
d(H-D)=    3.57 +-  0.08 #hb=   18  atoms "A   -148 -LEU -CD1 " and "B   -1   -4ZQ -C21 "
d(H-D)=    3.43 +-  0.05 #hb=   20  atoms "A   -148 -LEU -CD1 " and "B   -1   -4ZQ -C23 "
d(H-D)=    3.89 +-  0.00 #hb=    1  atoms "A   -148 -LEU -CD1 " and "B   -1   -4ZQ -C9  "
d(H-D)=    3.24 +-  0.04 #hb=   20  atoms "A   -148 -LEU -CD2 " and "B   -1   -4ZQ -C13 "
d(H-D)=    3.74 +-  0.12 #hb=   10  atoms "A   -148 -LEU -CD2 " and "B   -1   -4ZQ -C9  "
d(H-D)=    3.83 +-  0.06 #hb=   11  atoms "A   -158 -THR -CB  " and "B   -1   -4ZQ -C30 "
d(H-D)=    3.42 +-  0.07 #hb=   20  atoms "A   -158 -THR -CG2 " and "B   -1   -4ZQ -C30 "
d(H-D)=    3.89 +-  0.00 #hb=    1  atoms "A   -159 -ASP -CA  " and "B   -1   -4ZQ -C30 "
d(H-D)=    3.83 +-  0.00 #hb=    1  atoms "A   -159 -ASP -CB  " and "B   -1   -4ZQ -C29 "
d(H-D)=    3.87 +-  0.00 #hb=    1  atoms "A   -159 -ASP -CB  " and "B   -1   -4ZQ -C30 "
d(H-D)=    3.88 +-  0.00 #hb=    1  atoms "A   -159 -ASP -CG  " and "B   -1   -4ZQ -C29 "
d(H-D)=    3.85 +-  0.00 #hb=    2  atoms "A   -22  -LEU -CA  " and "B   -1   -4ZQ -C1  "
d(H-D)=    3.78 +-  0.09 #hb=   12  atoms "A   -22  -LEU -C   " and "B   -1   -4ZQ -C1  "
d(H-D)=    3.80 +-  0.07 #hb=    3  atoms "A   -22  -LEU -CB  " and "B   -1   -4ZQ -C1  "
d(H-D)=    3.84 +-  0.05 #hb=    2  atoms "A   -22  -LEU -CB  " and "B   -1   -4ZQ -C3  "
d(H-D)=    3.88 +-  0.01 #hb=    2  atoms "A   -22  -LEU -CD1 " and "B   -1   -4ZQ -C10 "
d(H-D)=    3.56 +-  0.08 #hb=   20  atoms "A   -22  -LEU -CD1 " and "B   -1   -4ZQ -C5  "
d(H-D)=    3.46 +-  0.06 #hb=   20  atoms "A   -22  -LEU -CD1 " and "B   -1   -4ZQ -C6  "
d(H-D)=    3.83 +-  0.02 #hb=    2  atoms "A   -22  -LEU -CD2 " and "B   -1   -4ZQ -C1  "
d(H-D)=    3.72 +-  0.10 #hb=    6  atoms "A   -22  -LEU -CD2 " and "B   -1   -4ZQ -C5  "
d(H-D)=    3.78 +-  0.02 #hb=    3  atoms "A   -22  -LEU -CD2 " and "B   -1   -4ZQ -C6  "
d(H-D)=    3.88 +-  0.00 #hb=    1  atoms "A   -22  -LEU -CG  " and "B   -1   -4ZQ -C5  "
d(H-D)=    3.77 +-  0.11 #hb=    8  atoms "A   -27  -PHE -CD1 " and "B   -1   -4ZQ -C33 "
d(H-D)=    3.40 +-  0.15 #hb=   20  atoms "A   -27  -PHE -CE1 " and "B   -1   -4ZQ -C33 "
d(H-D)=    3.78 +-  0.00 #hb=    1  atoms "A   -27  -PHE -CE2 " and "B   -1   -4ZQ -C33 "
d(H-D)=    3.50 +-  0.20 #hb=   17  atoms "A   -27  -PHE -CZ  " and "B   -1   -4ZQ -C33 "
d(H-D)=    3.85 +-  0.01 #hb=    2  atoms "A   -47  -ALA -CB  " and "B   -1   -4ZQ -C19 "
d(H-D)=    3.77 +-  0.08 #hb=   17  atoms "A   -47  -ALA -CB  " and "B   -1   -4ZQ -C8  "
d(H-D)=    3.72 +-  0.04 #hb=    3  atoms "A   -70  -MET -CE  " and "B   -1   -4ZQ -C21 "
d(H-D)=    3.47 +-  0.11 #hb=   20  atoms "A   -94  -THR -CB  " and "B   -1   -4ZQ -C20 "
d(H-D)=    3.39 +-  0.08 #hb=   20  atoms "A   -94  -THR -CB  " and "B   -1   -4ZQ -C21 "
d(H-D)=    3.83 +-  0.03 #hb=    3  atoms "A   -94  -THR -CG2 " and "B   -1   -4ZQ -C20 "
d(H-D)=    3.56 +-  0.11 #hb=   20  atoms "A   -94  -THR -CG2 " and "B   -1   -4ZQ -C21 "
d(H-D)=    3.54 +-  0.11 #hb=   19  atoms "A   -96  -LEU -CD1 " and "B   -1   -4ZQ -C6  "
d(H-D)=    3.69 +-  0.00 #hb=    1  atoms "A   -96  -LEU -CD2 " and "B   -1   -4ZQ -C6  "
d(H-D)=    3.82 +-  0.04 #hb=   19  atoms "A   -97  -MET -CA  " and "B   -1   -4ZQ -C6  "
d(H-D)=    3.69 +-  0.06 #hb=   20  atoms "A   -97  -MET -C   " and "B   -1   -4ZQ -C6  "
d(H-D)=    3.84 +-  0.03 #hb=    6  atoms "A   -97  -MET -CB  " and "B   -1   -4ZQ -C6  "
d(H-D)=    3.83 +-  0.06 #hb=    2  atoms "A   -97  -MET -CB  " and "B   -1   -4ZQ -C8  "
d(H-D)=    3.79 +-  0.11 #hb=    5  atoms "A   -97  -MET -CG  " and "B   -1   -4ZQ -C8  "
