Ligand Mode ON
Loaded 20 structures
Using complex_3w.pdb as reference
Read 2 chains from reference file: AB
^.{21}A
0 0
Checking chain lengths: WARNING!! Chains have different lengths! (B:1 != A:268)
You main run into problems later on...
OK!
Generating ZONE definitions..
Defined 1 zone(s)
ZONE CLEAR \n ZONE A* \n FIT \nRZONE B*\n
ProFit> RMS: 0.000
1
ProFit> RMS: 0.429
1
ProFit> RMS: 0.316
1
ProFit> RMS: 0.489
1
ProFit> RMS: 0.233
1
ProFit> RMS: 0.367
1
ProFit> RMS: 0.456
1
ProFit> RMS: 0.484
1
ProFit> RMS: 0.512
1
ProFit> RMS: 0.404
1
ProFit> RMS: 0.354
1
ProFit> RMS: 0.517
1
ProFit> RMS: 0.364
1
ProFit> RMS: 0.376
1
ProFit> RMS: 0.437
1
ProFit> RMS: 0.367
1
ProFit> RMS: 0.503
1
ProFit> RMS: 0.450
1
ProFit> RMS: 0.301
1
ProFit> RMS: 0.625
1

