Ligand Mode ON
Loaded 20 structures
Using complex_9w.pdb as reference
Read 2 chains from reference file: AB
^.{21}A
0 0
Checking chain lengths: WARNING!! Chains have different lengths! (B:1 != A:303)
You main run into problems later on...
OK!
Generating ZONE definitions..
Defined 1 zone(s)
ZONE CLEAR \n ZONE A* \n FIT \nRZONE B*\n
ProFit> RMS: 0.000
1
ProFit> RMS: 0.342
1
ProFit> RMS: 0.257
1
ProFit> RMS: 0.222
1
ProFit> RMS: 0.270
1
ProFit> RMS: 0.314
1
ProFit> RMS: 0.355
1
ProFit> RMS: 0.361
1
ProFit> RMS: 0.267
1
ProFit> RMS: 0.354
1
ProFit> RMS: 0.473
1
ProFit> RMS: 0.418
1
ProFit> RMS: 0.383
1
ProFit> RMS: 0.276
1
ProFit> RMS: 0.256
1
ProFit> RMS: 0.327
1
ProFit> RMS: 0.406
1
ProFit> RMS: 0.361
1
ProFit> RMS: 0.224
1
ProFit> RMS: 0.589
1

