Ligand Mode ON
Loaded 20 structures
Using complex_20w.pdb as reference
Read 2 chains from reference file: AB
^.{21}A
0 0
Checking chain lengths: WARNING!! Chains have different lengths! (B:1 != A:300)
You main run into problems later on...
OK!
Generating ZONE definitions..
Defined 1 zone(s)
ZONE CLEAR \n ZONE A* \n FIT \nRZONE B*\n
ProFit> RMS: 0.000
1
ProFit> RMS: 0.398
1
ProFit> RMS: 0.555
1
ProFit> RMS: 0.143
1
ProFit> RMS: 0.369
1
ProFit> RMS: 0.134
1
ProFit> RMS: 0.760
1
ProFit> RMS: 0.224
1
ProFit> RMS: 0.189
1
ProFit> RMS: 0.225
1
ProFit> RMS: 0.496
1
ProFit> RMS: 0.723
1
ProFit> RMS: 0.204
1
ProFit> RMS: 0.430
1
ProFit> RMS: 0.144
1
ProFit> RMS: 0.084
1
ProFit> RMS: 0.163
1
ProFit> RMS: 0.223
1
ProFit> RMS: 0.192
1
ProFit> RMS: 0.368
1

