Ligand Mode ON
Loaded 20 structures
Using complex_16w.pdb as reference
Read 2 chains from reference file: AB
^.{21}A
0 0
Checking chain lengths: WARNING!! Chains have different lengths! (B:1 != A:294)
You main run into problems later on...
OK!
Generating ZONE definitions..
Defined 1 zone(s)
ZONE CLEAR \n ZONE A* \n FIT \nRZONE B*\n
ProFit> RMS: 0.000
1
ProFit> RMS: 0.315
1
ProFit> RMS: 0.243
1
ProFit> RMS: 0.418
1
ProFit> RMS: 0.115
1
ProFit> RMS: 0.215
1
ProFit> RMS: 0.114
1
ProFit> RMS: 0.424
1
ProFit> RMS: 0.298
1
ProFit> RMS: 0.294
1
ProFit> RMS: 0.311
1
ProFit> RMS: 0.277
1
ProFit> RMS: 0.278
1
ProFit> RMS: 0.346
1
ProFit> RMS: 0.313
1
ProFit> RMS: 0.291
1
ProFit> RMS: 0.348
1
ProFit> RMS: 0.239
1
ProFit> RMS: 0.168
1
ProFit> RMS: 0.612
1

