Ligand Mode ON
Loaded 20 structures
Using complex_10w.pdb as reference
Read 2 chains from reference file: AB
^.{21}A
0 0
Checking chain lengths: WARNING!! Chains have different lengths! (B:1 != A:300)
You main run into problems later on...
OK!
Generating ZONE definitions..
Defined 1 zone(s)
ZONE CLEAR \n ZONE A* \n FIT \nRZONE B*\n
ProFit> RMS: 0.000
1
ProFit> RMS: 0.347
1
ProFit> RMS: 0.193
1
ProFit> RMS: 0.283
1
ProFit> RMS: 0.365
1
ProFit> RMS: 0.436
1
ProFit> RMS: 0.425
1
ProFit> RMS: 0.247
1
ProFit> RMS: 0.144
1
ProFit> RMS: 0.419
1
ProFit> RMS: 0.368
1
ProFit> RMS: 0.388
1
ProFit> RMS: 0.345
1
ProFit> RMS: 0.259
1
ProFit> RMS: 0.334
1
ProFit> RMS: 0.504
1
ProFit> RMS: 0.353
1
ProFit> RMS: 0.190
1
ProFit> RMS: 0.452
1
ProFit> RMS: 0.207
1

