Ligand Mode ON
Loaded 20 structures
Using complex_19w.pdb as reference
Read 2 chains from reference file: AB
^.{21}A
0 0
Checking chain lengths: WARNING!! Chains have different lengths! (B:1 != A:298)
You main run into problems later on...
OK!
Generating ZONE definitions..
Defined 1 zone(s)
ZONE CLEAR \n ZONE A* \n FIT \nRZONE B*\n
ProFit> RMS: 0.000
1
ProFit> RMS: 0.534
1
ProFit> RMS: 0.240
1
ProFit> RMS: 0.436
1
ProFit> RMS: 0.345
1
ProFit> RMS: 0.383
1
ProFit> RMS: 0.332
1
ProFit> RMS: 0.140
1
ProFit> RMS: 0.499
1
ProFit> RMS: 0.359
1
ProFit> RMS: 0.298
1
ProFit> RMS: 0.319
1
ProFit> RMS: 0.226
1
ProFit> RMS: 0.254
1
ProFit> RMS: 0.338
1
ProFit> RMS: 0.620
1
ProFit> RMS: 0.453
1
ProFit> RMS: 0.356
1
ProFit> RMS: 0.421
1
ProFit> RMS: 0.438
1

