Ligand Mode ON
Loaded 20 structures
Using complex_10w.pdb as reference
Read 2 chains from reference file: AB
^.{21}A
0 0
Checking chain lengths: WARNING!! Chains have different lengths! (B:1 != A:294)
You main run into problems later on...
OK!
Generating ZONE definitions..
Defined 1 zone(s)
ZONE CLEAR \n ZONE A* \n FIT \nRZONE B*\n
ProFit> RMS: 0.000
1
ProFit> RMS: 0.406
1
ProFit> RMS: 0.255
1
ProFit> RMS: 0.303
1
ProFit> RMS: 0.413
1
ProFit> RMS: 0.710
1
ProFit> RMS: 0.141
1
ProFit> RMS: 0.401
1
ProFit> RMS: 0.806
1
ProFit> RMS: 0.172
1
ProFit> RMS: 0.630
1
ProFit> RMS: 0.213
1
ProFit> RMS: 0.317
1
ProFit> RMS: 0.269
1
ProFit> RMS: 0.677
1
ProFit> RMS: 0.328
1
ProFit> RMS: 0.150
1
ProFit> RMS: 0.333
1
ProFit> RMS: 0.283
1
ProFit> RMS: 0.240
1

