Interface Mode ON
Loaded 20 structures
Using complex_6w.pdb as reference
Read 2 chains from contacts file: AB
Checking chain lengths: WARNING!! Chains have different lengths! (B:1 != A:252)
You main run into problems later on...
OK!
Generating ZONE definitions..
Defined 1 zone(s)
ZONE CLEAR \n ZONE A.5-A.5:A.5-A.5 ZONE A.6-A.6:A.6-A.6 ZONE A.7-A.7:A.7-A.7 ZONE A.8-A.8:A.8-A.8 ZONE A.9-A.9:A.9-A.9 ZONE A.10-A.10:A.10-A.10 ZONE A.11-A.11:A.11-A.11 ZONE A.12-A.12:A.12-A.12 ZONE A.13-A.13:A.13-A.13 ZONE A.14-A.14:A.14-A.14 ZONE A.15-A.15:A.15-A.15 ZONE A.16-A.16:A.16-A.16 ZONE A.17-A.17:A.17-A.17 ZONE A.18-A.18:A.18-A.18 ZONE A.26-A.26:A.26-A.26 ZONE A.27-A.27:A.27-A.27 ZONE A.28-A.28:A.28-A.28 ZONE A.29-A.29:A.29-A.29 ZONE A.30-A.30:A.30-A.30 ZONE A.31-A.31:A.31-A.31 ZONE A.32-A.32:A.32-A.32 ZONE A.33-A.33:A.33-A.33 ZONE A.36-A.36:A.36-A.36 ZONE A.37-A.37:A.37-A.37 ZONE A.42-A.42:A.42-A.42 ZONE A.49-A.49:A.49-A.49 ZONE A.57-A.57:A.57-A.57 ZONE A.58-A.58:A.58-A.58 ZONE A.59-A.59:A.59-A.59 ZONE A.60-A.60:A.60-A.60 ZONE A.72-A.72:A.72-A.72 ZONE A.73-A.73:A.73-A.73 ZONE A.74-A.74:A.74-A.74 ZONE A.75-A.75:A.75-A.75 ZONE A.76-A.76:A.76-A.76 ZONE A.77-A.77:A.77-A.77 ZONE A.78-A.78:A.78-A.78 ZONE A.79-A.79:A.79-A.79 ZONE A.80-A.80:A.80-A.80 ZONE A.81-A.81:A.81-A.81 ZONE A.82-A.82:A.82-A.82 ZONE A.83-A.83:A.83-A.83 ZONE A.84-A.84:A.84-A.84 ZONE A.85-A.85:A.85-A.85 ZONE A.88-A.88:A.88-A.88 ZONE A.120-A.120:A.120-A.120 ZONE A.122-A.122:A.122-A.122 ZONE A.123-A.123:A.123-A.123 ZONE A.124-A.124:A.124-A.124 ZONE A.125-A.125:A.125-A.125 ZONE A.126-A.126:A.126-A.126 ZONE A.127-A.127:A.127-A.127 ZONE A.128-A.128:A.128-A.128 ZONE A.129-A.129:A.129-A.129 ZONE A.130-A.130:A.130-A.130 ZONE A.131-A.131:A.131-A.131 ZONE A.132-A.132:A.132-A.132 ZONE A.137-A.137:A.137-A.137 ZONE A.138-A.138:A.138-A.138 ZONE A.139-A.139:A.139-A.139 ZONE A.140-A.140:A.140-A.140 ZONE A.141-A.141:A.141-A.141 ZONE A.142-A.142:A.142-A.142 ZONE A.143-A.143:A.143-A.143 ZONE A.144-A.144:A.144-A.144 ZONE A.147-A.147:A.147-A.147 ZONE A.152-A.152:A.152-A.152 ZONE A.159-A.159:A.159-A.159\n ZONE B.1-B.1:B.1-B.1\n FIT
RMS: 0.000
1
RMS: 0.401
1
RMS: 0.348
1
RMS: 0.453
1
RMS: 0.439
1
RMS: 0.336
1
RMS: 0.466
1
RMS: 0.393
1
RMS: 0.413
1
RMS: 0.454
1
RMS: 0.468
1
RMS: 0.531
1
RMS: 0.515
1
RMS: 0.399
1
RMS: 0.360
1
RMS: 0.383
1
RMS: 0.359
1
RMS: 0.373
1
RMS: 0.427
1
RMS: 0.433
1

