Ligand Mode ON
Loaded 20 structures
Using complex_6w.pdb as reference
Read 2 chains from reference file: AB
^.{21}A
0 0
Checking chain lengths: WARNING!! Chains have different lengths! (B:1 != A:252)
You main run into problems later on...
OK!
Generating ZONE definitions..
Defined 1 zone(s)
ZONE CLEAR \n ZONE A* \n FIT \nRZONE B*\n
ProFit> RMS: 0.000
1
ProFit> RMS: 0.331
1
ProFit> RMS: 0.280
1
ProFit> RMS: 0.498
1
ProFit> RMS: 0.318
1
ProFit> RMS: 0.356
1
ProFit> RMS: 0.570
1
ProFit> RMS: 0.569
1
ProFit> RMS: 0.405
1
ProFit> RMS: 0.336
1
ProFit> RMS: 0.494
1
ProFit> RMS: 0.610
1
ProFit> RMS: 0.372
1
ProFit> RMS: 0.350
1
ProFit> RMS: 0.481
1
ProFit> RMS: 0.489
1
ProFit> RMS: 0.412
1
ProFit> RMS: 0.466
1
ProFit> RMS: 0.638
1
ProFit> RMS: 0.321
1

