Ligand Mode ON
Loaded 20 structures
Using complex_5w.pdb as reference
Read 2 chains from reference file: AB
^.{21}A
0 0
Checking chain lengths: WARNING!! Chains have different lengths! (B:1 != A:252)
You main run into problems later on...
OK!
Generating ZONE definitions..
Defined 1 zone(s)
ZONE CLEAR \n ZONE A* \n FIT \nRZONE B*\n
ProFit> RMS: 0.000
1
ProFit> RMS: 0.553
1
ProFit> RMS: 0.478
1
ProFit> RMS: 0.340
1
ProFit> RMS: 0.918
1
ProFit> RMS: 0.358
1
ProFit> RMS: 0.544
1
ProFit> RMS: 0.448
1
ProFit> RMS: 0.417
1
ProFit> RMS: 0.611
1
ProFit> RMS: 0.691
1
ProFit> RMS: 0.514
1
ProFit> RMS: 0.250
1
ProFit> RMS: 0.717
1
ProFit> RMS: 0.756
1
ProFit> RMS: 0.480
1
ProFit> RMS: 0.721
1
ProFit> RMS: 0.444
1
ProFit> RMS: 0.550
1
ProFit> RMS: 0.499
1

