Ligand Mode ON
Loaded 20 structures
Using complex_3w.pdb as reference
Read 2 chains from reference file: AB
^.{21}A
0 0
Checking chain lengths: WARNING!! Chains have different lengths! (B:1 != A:258)
You main run into problems later on...
OK!
Generating ZONE definitions..
Defined 1 zone(s)
ZONE CLEAR \n ZONE A* \n FIT \nRZONE B*\n
ProFit> RMS: 0.000
1
ProFit> RMS: 0.342
1
ProFit> RMS: 0.316
1
ProFit> RMS: 0.379
1
ProFit> RMS: 0.266
1
ProFit> RMS: 0.412
1
ProFit> RMS: 0.313
1
ProFit> RMS: 0.380
1
ProFit> RMS: 0.417
1
ProFit> RMS: 0.487
1
ProFit> RMS: 0.496
1
ProFit> RMS: 0.504
1
ProFit> RMS: 0.485
1
ProFit> RMS: 0.279
1
ProFit> RMS: 0.398
1
ProFit> RMS: 0.547
1
ProFit> RMS: 0.454
1
ProFit> RMS: 0.460
1
ProFit> RMS: 0.316
1
ProFit> RMS: 0.312
1

