Ligand Mode ON
Loaded 20 structures
Using complex_20w.pdb as reference
Read 2 chains from reference file: AB
^.{21}A
0 0
Checking chain lengths: WARNING!! Chains have different lengths! (B:1 != A:296)
You main run into problems later on...
OK!
Generating ZONE definitions..
Defined 1 zone(s)
ZONE CLEAR \n ZONE A* \n FIT \nRZONE B*\n
ProFit> RMS: 0.000
1
ProFit> RMS: 0.273
1
ProFit> RMS: 0.248
1
ProFit> RMS: 0.217
1
ProFit> RMS: 0.268
1
ProFit> RMS: 0.247
1
ProFit> RMS: 0.269
1
ProFit> RMS: 0.318
1
ProFit> RMS: 0.122
1
ProFit> RMS: 0.332
1
ProFit> RMS: 0.287
1
ProFit> RMS: 0.211
1
ProFit> RMS: 0.399
1
ProFit> RMS: 0.189
1
ProFit> RMS: 0.219
1
ProFit> RMS: 0.276
1
ProFit> RMS: 0.172
1
ProFit> RMS: 0.132
1
ProFit> RMS: 0.398
1
ProFit> RMS: 0.209
1

