Interface Mode ON
Loaded 20 structures
Using complex_9w.pdb as reference
Read 2 chains from contacts file: AB
Checking chain lengths: WARNING!! Chains have different lengths! (B:1 != A:332)
You main run into problems later on...
OK!
Generating ZONE definitions..
Defined 1 zone(s)
ZONE CLEAR \n ZONE A.12-A.12:A.12-A.12 ZONE A.15-A.15:A.15-A.15 ZONE A.16-A.16:A.16-A.16 ZONE A.52-A.52:A.52-A.52 ZONE A.53-A.53:A.53-A.53 ZONE A.54-A.54:A.54-A.54 ZONE A.55-A.55:A.55-A.55 ZONE A.56-A.56:A.56-A.56 ZONE A.57-A.57:A.57-A.57 ZONE A.60-A.60:A.60-A.60 ZONE A.61-A.61:A.61-A.61 ZONE A.62-A.62:A.62-A.62 ZONE A.63-A.63:A.63-A.63 ZONE A.64-A.64:A.64-A.64 ZONE A.65-A.65:A.65-A.65 ZONE A.78-A.78:A.78-A.78 ZONE A.79-A.79:A.79-A.79 ZONE A.80-A.80:A.80-A.80 ZONE A.81-A.81:A.81-A.81 ZONE A.82-A.82:A.82-A.82 ZONE A.83-A.83:A.83-A.83 ZONE A.96-A.96:A.96-A.96 ZONE A.99-A.99:A.99-A.99 ZONE A.103-A.103:A.103-A.103 ZONE A.112-A.112:A.112-A.112 ZONE A.113-A.113:A.113-A.113 ZONE A.114-A.114:A.114-A.114 ZONE A.115-A.115:A.115-A.115 ZONE A.116-A.116:A.116-A.116 ZONE A.127-A.127:A.127-A.127 ZONE A.128-A.128:A.128-A.128 ZONE A.129-A.129:A.129-A.129 ZONE A.130-A.130:A.130-A.130 ZONE A.131-A.131:A.131-A.131 ZONE A.132-A.132:A.132-A.132 ZONE A.133-A.133:A.133-A.133 ZONE A.134-A.134:A.134-A.134 ZONE A.135-A.135:A.135-A.135 ZONE A.136-A.136:A.136-A.136 ZONE A.137-A.137:A.137-A.137 ZONE A.138-A.138:A.138-A.138 ZONE A.139-A.139:A.139-A.139 ZONE A.140-A.140:A.140-A.140 ZONE A.216-A.216:A.216-A.216 ZONE A.217-A.217:A.217-A.217 ZONE A.218-A.218:A.218-A.218 ZONE A.249-A.249:A.249-A.249 ZONE A.254-A.254:A.254-A.254 ZONE A.255-A.255:A.255-A.255 ZONE A.256-A.256:A.256-A.256 ZONE A.257-A.257:A.257-A.257 ZONE A.258-A.258:A.258-A.258 ZONE A.259-A.259:A.259-A.259 ZONE A.260-A.260:A.260-A.260 ZONE A.261-A.261:A.261-A.261 ZONE A.266-A.266:A.266-A.266 ZONE A.267-A.267:A.267-A.267 ZONE A.268-A.268:A.268-A.268 ZONE A.269-A.269:A.269-A.269 ZONE A.270-A.270:A.270-A.270 ZONE A.271-A.271:A.271-A.271 ZONE A.272-A.272:A.272-A.272 ZONE A.273-A.273:A.273-A.273 ZONE A.274-A.274:A.274-A.274\n ZONE B.1-B.1:B.1-B.1\n FIT
RMS: 0.000
1
RMS: 0.297
1
RMS: 0.347
1
RMS: 0.263
1
RMS: 0.300
1
RMS: 0.290
1
RMS: 0.326
1
RMS: 0.330
1
RMS: 0.244
1
RMS: 0.342
1
RMS: 0.282
1
RMS: 0.319
1
RMS: 0.303
1
RMS: 0.352
1
RMS: 0.360
1
RMS: 0.317
1
RMS: 0.297
1
RMS: 0.268
1
RMS: 0.326
1
RMS: 0.302
1

