Ligand Mode ON
Loaded 20 structures
Using complex_15w.pdb as reference
Read 2 chains from reference file: AB
^.{21}A
0 0
Checking chain lengths: WARNING!! Chains have different lengths! (B:1 != A:283)
You main run into problems later on...
OK!
Generating ZONE definitions..
Defined 1 zone(s)
ZONE CLEAR \n ZONE A* \n FIT \nRZONE B*\n
ProFit> RMS: 0.000
1
ProFit> RMS: 0.557
1
ProFit> RMS: 0.618
1
ProFit> RMS: 0.382
1
ProFit> RMS: 0.656
1
ProFit> RMS: 0.359
1
ProFit> RMS: 0.477
1
ProFit> RMS: 0.617
1
ProFit> RMS: 0.393
1
ProFit> RMS: 0.391
1
ProFit> RMS: 0.556
1
ProFit> RMS: 0.393
1
ProFit> RMS: 0.213
1
ProFit> RMS: 0.698
1
ProFit> RMS: 0.427
1
ProFit> RMS: 0.552
1
ProFit> RMS: 0.658
1
ProFit> RMS: 0.472
1
ProFit> RMS: 0.602
1
ProFit> RMS: 0.410
1

